<?xml version="1.0" encoding="UTF-8"?>
<coverage generated="1549295538484" clover="3.2.0">
  <project timestamp="1549295538484" name="All files">
    <metrics statements="149" coveredstatements="149" conditionals="62" coveredconditionals="60" methods="29" coveredmethods="26" elements="240" coveredelements="235" complexity="0" loc="149" ncloc="149" packages="6" files="9" classes="9">
      <package name="components">
        <metrics statements="3" coveredstatements="3" conditionals="0" coveredconditionals="0" methods="3" coveredmethods="2"/>
        <file name="index.js" path="/Users/stevenvandurm/Developer/eigen-react-native-Arduino/app/src/components/index.js">
          <metrics statements="3" coveredstatements="3" conditionals="0" coveredconditionals="0" methods="3" coveredmethods="2"/>
          <line num="1" count="5" type="stmt"/>
          <line num="2" count="2" type="stmt"/>
          <line num="3" count="2" type="stmt"/>
        </file>
      </package>
      <package name="components.listItem">
        <metrics statements="10" coveredstatements="10" conditionals="0" coveredconditionals="0" methods="3" coveredmethods="3"/>
        <file name="ListItem.js" path="/Users/stevenvandurm/Developer/eigen-react-native-Arduino/app/src/components/listItem/ListItem.js">
          <metrics statements="10" coveredstatements="10" conditionals="0" coveredconditionals="0" methods="3" coveredmethods="3"/>
          <line num="1" count="2" type="stmt"/>
          <line num="2" count="2" type="stmt"/>
          <line num="3" count="2" type="stmt"/>
          <line num="4" count="2" type="stmt"/>
          <line num="6" count="2" type="stmt"/>
          <line num="8" count="2" type="stmt"/>
          <line num="15" count="2" type="stmt"/>
          <line num="18" count="2" type="stmt"/>
          <line num="20" count="2" type="stmt"/>
          <line num="22" count="2" type="stmt"/>
        </file>
      </package>
      <package name="components.text">
        <metrics statements="67" coveredstatements="67" conditionals="46" coveredconditionals="46" methods="6" coveredmethods="6"/>
        <file name="Text.js" path="/Users/stevenvandurm/Developer/eigen-react-native-Arduino/app/src/components/text/Text.js">
          <metrics statements="67" coveredstatements="67" conditionals="46" coveredconditionals="46" methods="6" coveredmethods="6"/>
          <line num="1" count="3" type="stmt"/>
          <line num="2" count="3" type="stmt"/>
          <line num="3" count="3" type="stmt"/>
          <line num="4" count="3" type="stmt"/>
          <line num="5" count="3" type="stmt"/>
          <line num="6" count="3" type="stmt"/>
          <line num="9" count="3" type="stmt"/>
          <line num="10" count="48" type="stmt"/>
          <line num="11" count="48" type="cond" truecount="2" falsecount="0"/>
          <line num="12" count="48" type="cond" truecount="2" falsecount="0"/>
          <line num="13" count="48" type="stmt"/>
          <line num="16" count="3" type="stmt"/>
          <line num="17" count="48" type="stmt"/>
          <line num="18" count="48" type="cond" truecount="2" falsecount="0"/>
          <line num="19" count="48" type="stmt"/>
          <line num="22" count="3" type="stmt"/>
          <line num="23" count="48" type="stmt"/>
          <line num="24" count="48" type="cond" truecount="2" falsecount="0"/>
          <line num="25" count="48" type="cond" truecount="2" falsecount="0"/>
          <line num="26" count="48" type="cond" truecount="2" falsecount="0"/>
          <line num="27" count="48" type="cond" truecount="2" falsecount="0"/>
          <line num="28" count="48" type="cond" truecount="2" falsecount="0"/>
          <line num="29" count="48" type="cond" truecount="2" falsecount="0"/>
          <line num="30" count="48" type="stmt"/>
          <line num="33" count="3" type="stmt"/>
          <line num="34" count="48" type="stmt"/>
          <line num="35" count="48" type="stmt"/>
          <line num="36" count="48" type="cond" truecount="2" falsecount="0"/>
          <line num="37" count="2" type="stmt"/>
          <line num="38" count="2" type="stmt"/>
          <line num="40" count="48" type="cond" truecount="2" falsecount="0"/>
          <line num="41" count="2" type="stmt"/>
          <line num="42" count="2" type="stmt"/>
          <line num="44" count="48" type="cond" truecount="2" falsecount="0"/>
          <line num="45" count="2" type="stmt"/>
          <line num="46" count="2" type="stmt"/>
          <line num="48" count="48" type="cond" truecount="2" falsecount="0"/>
          <line num="49" count="2" type="stmt"/>
          <line num="50" count="2" type="stmt"/>
          <line num="52" count="48" type="cond" truecount="2" falsecount="0"/>
          <line num="53" count="2" type="stmt"/>
          <line num="54" count="2" type="stmt"/>
          <line num="56" count="48" type="cond" truecount="2" falsecount="0"/>
          <line num="57" count="2" type="stmt"/>
          <line num="58" count="2" type="stmt"/>
          <line num="60" count="48" type="cond" truecount="2" falsecount="0"/>
          <line num="61" count="2" type="stmt"/>
          <line num="62" count="2" type="stmt"/>
          <line num="64" count="48" type="cond" truecount="2" falsecount="0"/>
          <line num="65" count="2" type="stmt"/>
          <line num="66" count="2" type="stmt"/>
          <line num="68" count="48" type="stmt"/>
          <line num="71" count="3" type="stmt"/>
          <line num="72" count="48" type="stmt"/>
          <line num="73" count="48" type="cond" truecount="2" falsecount="0"/>
          <line num="74" count="48" type="cond" truecount="2" falsecount="0"/>
          <line num="75" count="48" type="cond" truecount="2" falsecount="0"/>
          <line num="76" count="48" type="stmt"/>
          <line num="79" count="48" type="stmt"/>
          <line num="80" count="48" type="stmt"/>
          <line num="82" count="48" type="cond" truecount="2" falsecount="0"/>
          <line num="83" count="45" type="stmt"/>
          <line num="89" count="3" type="cond" truecount="2" falsecount="0"/>
          <line num="90" count="3" type="stmt"/>
          <line num="92" count="3" type="stmt"/>
          <line num="98" count="3" type="stmt"/>
          <line num="104" count="3" type="stmt"/>
        </file>
      </package>
      <package name="components.touchable">
        <metrics statements="35" coveredstatements="35" conditionals="12" coveredconditionals="12" methods="8" coveredmethods="8"/>
        <file name="TouchableFeedback.js" path="/Users/stevenvandurm/Developer/eigen-react-native-Arduino/app/src/components/touchable/TouchableFeedback.js">
          <metrics statements="32" coveredstatements="32" conditionals="12" coveredconditionals="12" methods="8" coveredmethods="8"/>
          <line num="1" count="3" type="stmt"/>
          <line num="2" count="3" type="stmt"/>
          <line num="3" count="3" type="stmt"/>
          <line num="4" count="3" type="stmt"/>
          <line num="5" count="3" type="stmt"/>
          <line num="7" count="3" type="stmt"/>
          <line num="9" count="3" type="stmt"/>
          <line num="10" count="26" type="stmt"/>
          <line num="11" count="26" type="stmt"/>
          <line num="18" count="3" type="cond" truecount="2" falsecount="0"/>
          <line num="19" count="2" type="stmt"/>
          <line num="20" count="2" type="stmt"/>
          <line num="21" count="2" type="stmt"/>
          <line num="22" count="1" type="stmt"/>
          <line num="25" count="26" type="stmt"/>
          <line num="28" count="17" type="cond" truecount="2" falsecount="0"/>
          <line num="29" count="2" type="stmt"/>
          <line num="35" count="15" type="stmt"/>
          <line num="40" count="26" type="stmt"/>
          <line num="43" count="12" type="cond" truecount="2" falsecount="0"/>
          <line num="44" count="2" type="stmt"/>
          <line num="46" count="10" type="cond" truecount="2" falsecount="0"/>
          <line num="47" count="26" type="stmt"/>
          <line num="49" count="12" type="stmt"/>
          <line num="57" count="26" type="stmt"/>
          <line num="63" count="29" type="cond" truecount="2" falsecount="0"/>
          <line num="64" count="17" type="stmt"/>
          <line num="66" count="12" type="stmt"/>
          <line num="67" count="3" type="stmt"/>
          <line num="70" count="3" type="stmt"/>
          <line num="81" count="3" type="stmt"/>
          <line num="89" count="3" type="stmt"/>
        </file>
        <file name="TouchableFeedback.style.js" path="/Users/stevenvandurm/Developer/eigen-react-native-Arduino/app/src/components/touchable/TouchableFeedback.style.js">
          <metrics statements="3" coveredstatements="3" conditionals="0" coveredconditionals="0" methods="0" coveredmethods="0"/>
          <line num="1" count="3" type="stmt"/>
          <line num="3" count="3" type="stmt"/>
          <line num="5" count="3" type="stmt"/>
        </file>
      </package>
      <package name="scenes.home">
        <metrics statements="19" coveredstatements="19" conditionals="0" coveredconditionals="0" methods="4" coveredmethods="4"/>
        <file name="Home.js" path="/Users/stevenvandurm/Developer/eigen-react-native-Arduino/app/src/scenes/home/Home.js">
          <metrics statements="15" coveredstatements="15" conditionals="0" coveredconditionals="0" methods="4" coveredmethods="4"/>
          <line num="1" count="1" type="stmt"/>
          <line num="2" count="1" type="stmt"/>
          <line num="3" count="1" type="stmt"/>
          <line num="4" count="1" type="stmt"/>
          <line num="5" count="1" type="stmt"/>
          <line num="6" count="1" type="stmt"/>
          <line num="7" count="1" type="stmt"/>
          <line num="9" count="9" type="stmt"/>
          <line num="11" count="1" type="stmt"/>
          <line num="12" count="1" type="stmt"/>
          <line num="14" count="3" type="stmt"/>
          <line num="25" count="1" type="stmt"/>
          <line num="28" count="1" type="stmt"/>
          <line num="30" count="1" type="stmt"/>
          <line num="32" count="1" type="stmt"/>
        </file>
        <file name="styles.js" path="/Users/stevenvandurm/Developer/eigen-react-native-Arduino/app/src/scenes/home/styles.js">
          <metrics statements="4" coveredstatements="4" conditionals="0" coveredconditionals="0" methods="0" coveredmethods="0"/>
          <line num="1" count="1" type="stmt"/>
          <line num="2" count="1" type="stmt"/>
          <line num="4" count="1" type="stmt"/>
          <line num="41" count="1" type="stmt"/>
        </file>
      </package>
      <package name="utils">
        <metrics statements="15" coveredstatements="15" conditionals="4" coveredconditionals="2" methods="5" coveredmethods="3"/>
        <file name="index.js" path="/Users/stevenvandurm/Developer/eigen-react-native-Arduino/app/src/utils/index.js">
          <metrics statements="1" coveredstatements="1" conditionals="0" coveredconditionals="0" methods="1" coveredmethods="1"/>
          <line num="1" count="45" type="stmt"/>
        </file>
        <file name="translations.js" path="/Users/stevenvandurm/Developer/eigen-react-native-Arduino/app/src/utils/translations.js">
          <metrics statements="14" coveredstatements="14" conditionals="4" coveredconditionals="2" methods="4" coveredmethods="2"/>
          <line num="1" count="3" type="stmt"/>
          <line num="2" count="3" type="stmt"/>
          <line num="4" count="3" type="stmt"/>
          <line num="5" count="3" type="stmt"/>
          <line num="7" count="45" type="cond" truecount="2" falsecount="2"/>
          <line num="12" count="3" type="stmt"/>
          <line num="14" count="3" type="stmt"/>
          <line num="15" count="6" type="stmt"/>
          <line num="16" count="3" type="stmt"/>
          <line num="19" count="3" type="stmt"/>
          <line num="21" count="3" type="stmt"/>
          <line num="22" count="3" type="stmt"/>
          <line num="25" count="3" type="stmt"/>
          <line num="29" count="3" type="stmt"/>
        </file>
      </package>
    </metrics>
  </project>
</coverage>
