<?xml version="1.0" encoding="UTF-8"?>
<coverage generated="1549024299694" clover="3.2.0">
  <project timestamp="1549024299694" name="All files">
    <metrics statements="195" coveredstatements="178" conditionals="87" coveredconditionals="63" methods="50" coveredmethods="35" elements="332" coveredelements="276" complexity="0" loc="195" ncloc="195" packages="8" files="14" classes="14">
      <package name="app">
        <metrics statements="9" coveredstatements="8" conditionals="0" coveredconditionals="0" methods="7" coveredmethods="4"/>
        <file name="setupJest.js" path="/Users/stevenvandurm/Developer/eigen-react-native-Arduino/app/setupJest.js">
          <metrics statements="9" coveredstatements="8" conditionals="0" coveredconditionals="0" methods="7" coveredmethods="4"/>
          <line num="1" count="4" type="stmt"/>
          <line num="2" count="4" type="stmt"/>
          <line num="4" count="4" type="stmt"/>
          <line num="6" count="4" type="stmt"/>
          <line num="10" count="4" type="stmt"/>
          <line num="11" count="45" type="stmt"/>
          <line num="14" count="4" type="stmt"/>
          <line num="16" count="6" type="stmt"/>
          <line num="17" count="0" type="stmt"/>
        </file>
      </package>
      <package name="app.src.components">
        <metrics statements="4" coveredstatements="4" conditionals="0" coveredconditionals="0" methods="3" coveredmethods="1"/>
        <file name="index.js" path="/Users/stevenvandurm/Developer/eigen-react-native-Arduino/app/src/components/index.js">
          <metrics statements="4" coveredstatements="4" conditionals="0" coveredconditionals="0" methods="3" coveredmethods="1"/>
          <line num="1" count="4" type="stmt"/>
          <line num="2" count="2" type="stmt"/>
          <line num="3" count="2" type="stmt"/>
          <line num="10" count="2" type="stmt"/>
        </file>
      </package>
      <package name="app.src.components.listItem">
        <metrics statements="10" coveredstatements="10" conditionals="0" coveredconditionals="0" methods="3" coveredmethods="3"/>
        <file name="ListItem.js" path="/Users/stevenvandurm/Developer/eigen-react-native-Arduino/app/src/components/listItem/ListItem.js">
          <metrics statements="10" coveredstatements="10" conditionals="0" coveredconditionals="0" methods="3" coveredmethods="3"/>
          <line num="1" count="2" type="stmt"/>
          <line num="2" count="2" type="stmt"/>
          <line num="3" count="2" type="stmt"/>
          <line num="4" count="2" type="stmt"/>
          <line num="6" count="2" type="stmt"/>
          <line num="8" count="2" type="stmt"/>
          <line num="15" count="2" type="stmt"/>
          <line num="18" count="2" type="stmt"/>
          <line num="20" count="2" type="stmt"/>
          <line num="22" count="2" type="stmt"/>
        </file>
      </package>
      <package name="app.src.components.text">
        <metrics statements="66" coveredstatements="66" conditionals="44" coveredconditionals="44" methods="6" coveredmethods="6"/>
        <file name="Text.js" path="/Users/stevenvandurm/Developer/eigen-react-native-Arduino/app/src/components/text/Text.js">
          <metrics statements="66" coveredstatements="66" conditionals="44" coveredconditionals="44" methods="6" coveredmethods="6"/>
          <line num="1" count="3" type="stmt"/>
          <line num="2" count="3" type="stmt"/>
          <line num="3" count="3" type="stmt"/>
          <line num="4" count="3" type="stmt"/>
          <line num="5" count="3" type="stmt"/>
          <line num="8" count="3" type="stmt"/>
          <line num="9" count="47" type="stmt"/>
          <line num="10" count="47" type="cond" truecount="2" falsecount="0"/>
          <line num="11" count="47" type="cond" truecount="2" falsecount="0"/>
          <line num="12" count="47" type="stmt"/>
          <line num="15" count="3" type="stmt"/>
          <line num="16" count="47" type="stmt"/>
          <line num="17" count="47" type="cond" truecount="2" falsecount="0"/>
          <line num="18" count="47" type="stmt"/>
          <line num="21" count="3" type="stmt"/>
          <line num="22" count="47" type="stmt"/>
          <line num="23" count="47" type="cond" truecount="2" falsecount="0"/>
          <line num="24" count="47" type="cond" truecount="2" falsecount="0"/>
          <line num="25" count="47" type="cond" truecount="2" falsecount="0"/>
          <line num="26" count="47" type="cond" truecount="2" falsecount="0"/>
          <line num="27" count="47" type="cond" truecount="2" falsecount="0"/>
          <line num="28" count="47" type="cond" truecount="2" falsecount="0"/>
          <line num="29" count="47" type="stmt"/>
          <line num="32" count="3" type="stmt"/>
          <line num="33" count="47" type="stmt"/>
          <line num="34" count="47" type="stmt"/>
          <line num="35" count="47" type="cond" truecount="2" falsecount="0"/>
          <line num="36" count="2" type="stmt"/>
          <line num="37" count="2" type="stmt"/>
          <line num="39" count="47" type="cond" truecount="2" falsecount="0"/>
          <line num="40" count="2" type="stmt"/>
          <line num="41" count="2" type="stmt"/>
          <line num="43" count="47" type="cond" truecount="2" falsecount="0"/>
          <line num="44" count="2" type="stmt"/>
          <line num="45" count="2" type="stmt"/>
          <line num="47" count="47" type="cond" truecount="2" falsecount="0"/>
          <line num="48" count="2" type="stmt"/>
          <line num="49" count="2" type="stmt"/>
          <line num="51" count="47" type="cond" truecount="2" falsecount="0"/>
          <line num="52" count="2" type="stmt"/>
          <line num="53" count="2" type="stmt"/>
          <line num="55" count="47" type="cond" truecount="2" falsecount="0"/>
          <line num="56" count="2" type="stmt"/>
          <line num="57" count="2" type="stmt"/>
          <line num="59" count="47" type="cond" truecount="2" falsecount="0"/>
          <line num="60" count="2" type="stmt"/>
          <line num="61" count="2" type="stmt"/>
          <line num="63" count="47" type="cond" truecount="2" falsecount="0"/>
          <line num="64" count="2" type="stmt"/>
          <line num="65" count="2" type="stmt"/>
          <line num="67" count="47" type="stmt"/>
          <line num="70" count="3" type="stmt"/>
          <line num="71" count="47" type="stmt"/>
          <line num="72" count="47" type="cond" truecount="2" falsecount="0"/>
          <line num="73" count="47" type="cond" truecount="2" falsecount="0"/>
          <line num="74" count="47" type="cond" truecount="2" falsecount="0"/>
          <line num="75" count="47" type="stmt"/>
          <line num="78" count="47" type="stmt"/>
          <line num="79" count="47" type="stmt"/>
          <line num="81" count="47" type="cond" truecount="2" falsecount="0"/>
          <line num="82" count="45" type="stmt"/>
          <line num="88" count="2" type="stmt"/>
          <line num="89" count="3" type="stmt"/>
          <line num="91" count="3" type="stmt"/>
          <line num="97" count="3" type="stmt"/>
          <line num="103" count="3" type="stmt"/>
        </file>
      </package>
      <package name="app.src.components.touchable">
        <metrics statements="35" coveredstatements="34" conditionals="12" coveredconditionals="12" methods="8" coveredmethods="7"/>
        <file name="TouchableFeedback.js" path="/Users/stevenvandurm/Developer/eigen-react-native-Arduino/app/src/components/touchable/TouchableFeedback.js">
          <metrics statements="32" coveredstatements="31" conditionals="12" coveredconditionals="12" methods="8" coveredmethods="7"/>
          <line num="1" count="3" type="stmt"/>
          <line num="2" count="3" type="stmt"/>
          <line num="3" count="3" type="stmt"/>
          <line num="4" count="3" type="stmt"/>
          <line num="5" count="3" type="stmt"/>
          <line num="7" count="3" type="stmt"/>
          <line num="9" count="3" type="stmt"/>
          <line num="10" count="27" type="stmt"/>
          <line num="11" count="27" type="stmt"/>
          <line num="16" count="4" type="cond" truecount="2" falsecount="0"/>
          <line num="17" count="3" type="stmt"/>
          <line num="18" count="2" type="stmt"/>
          <line num="19" count="2" type="stmt"/>
          <line num="20" count="0" type="stmt"/>
          <line num="23" count="27" type="stmt"/>
          <line num="26" count="14" type="cond" truecount="2" falsecount="0"/>
          <line num="27" count="2" type="stmt"/>
          <line num="33" count="12" type="stmt"/>
          <line num="38" count="27" type="stmt"/>
          <line num="41" count="12" type="cond" truecount="2" falsecount="0"/>
          <line num="42" count="2" type="stmt"/>
          <line num="44" count="10" type="cond" truecount="2" falsecount="0"/>
          <line num="45" count="27" type="stmt"/>
          <line num="47" count="12" type="stmt"/>
          <line num="55" count="27" type="stmt"/>
          <line num="61" count="26" type="cond" truecount="2" falsecount="0"/>
          <line num="62" count="14" type="stmt"/>
          <line num="64" count="12" type="stmt"/>
          <line num="65" count="3" type="stmt"/>
          <line num="68" count="3" type="stmt"/>
          <line num="79" count="3" type="stmt"/>
          <line num="87" count="3" type="stmt"/>
        </file>
        <file name="TouchableFeedback.style.js" path="/Users/stevenvandurm/Developer/eigen-react-native-Arduino/app/src/components/touchable/TouchableFeedback.style.js">
          <metrics statements="3" coveredstatements="3" conditionals="0" coveredconditionals="0" methods="0" coveredmethods="0"/>
          <line num="1" count="3" type="stmt"/>
          <line num="3" count="3" type="stmt"/>
          <line num="5" count="3" type="stmt"/>
        </file>
      </package>
      <package name="app.src.scenes.home">
        <metrics statements="18" coveredstatements="17" conditionals="0" coveredconditionals="0" methods="4" coveredmethods="3"/>
        <file name="Home.js" path="/Users/stevenvandurm/Developer/eigen-react-native-Arduino/app/src/scenes/home/Home.js">
          <metrics statements="14" coveredstatements="13" conditionals="0" coveredconditionals="0" methods="4" coveredmethods="3"/>
          <line num="1" count="1" type="stmt"/>
          <line num="2" count="1" type="stmt"/>
          <line num="3" count="1" type="stmt"/>
          <line num="4" count="1" type="stmt"/>
          <line num="5" count="1" type="stmt"/>
          <line num="6" count="1" type="stmt"/>
          <line num="7" count="1" type="stmt"/>
          <line num="9" count="2" type="stmt"/>
          <line num="11" count="2" type="stmt"/>
          <line num="18" count="0" type="stmt"/>
          <line num="22" count="1" type="stmt"/>
          <line num="25" count="1" type="stmt"/>
          <line num="27" count="1" type="stmt"/>
          <line num="29" count="1" type="stmt"/>
        </file>
        <file name="styles.js" path="/Users/stevenvandurm/Developer/eigen-react-native-Arduino/app/src/scenes/home/styles.js">
          <metrics statements="4" coveredstatements="4" conditionals="0" coveredconditionals="0" methods="0" coveredmethods="0"/>
          <line num="1" count="1" type="stmt"/>
          <line num="2" count="1" type="stmt"/>
          <line num="4" count="1" type="stmt"/>
          <line num="41" count="1" type="stmt"/>
        </file>
      </package>
      <package name="app.src.utils">
        <metrics statements="16" coveredstatements="16" conditionals="6" coveredconditionals="3" methods="5" coveredmethods="3"/>
        <file name="index.js" path="/Users/stevenvandurm/Developer/eigen-react-native-Arduino/app/src/utils/index.js">
          <metrics statements="1" coveredstatements="1" conditionals="0" coveredconditionals="0" methods="1" coveredmethods="1"/>
          <line num="1" count="45" type="stmt"/>
        </file>
        <file name="translations.js" path="/Users/stevenvandurm/Developer/eigen-react-native-Arduino/app/src/utils/translations.js">
          <metrics statements="15" coveredstatements="15" conditionals="6" coveredconditionals="3" methods="4" coveredmethods="2"/>
          <line num="1" count="3" type="stmt"/>
          <line num="2" count="3" type="stmt"/>
          <line num="4" count="3" type="stmt"/>
          <line num="5" count="3" type="stmt"/>
          <line num="7" count="45" type="cond" truecount="2" falsecount="2"/>
          <line num="12" count="3" type="stmt"/>
          <line num="14" count="3" type="stmt"/>
          <line num="15" count="6" type="cond" truecount="1" falsecount="1"/>
          <line num="16" count="6" type="stmt"/>
          <line num="17" count="3" type="stmt"/>
          <line num="20" count="3" type="stmt"/>
          <line num="22" count="3" type="stmt"/>
          <line num="23" count="3" type="stmt"/>
          <line num="26" count="3" type="stmt"/>
          <line num="30" count="3" type="stmt"/>
        </file>
      </package>
      <package name="app.src.utils.test">
        <metrics statements="37" coveredstatements="23" conditionals="25" coveredconditionals="4" methods="14" coveredmethods="8"/>
        <file name="eventChangeHelper.js" path="/Users/stevenvandurm/Developer/eigen-react-native-Arduino/app/src/utils/test/eventChangeHelper.js">
          <metrics statements="17" coveredstatements="4" conditionals="17" coveredconditionals="0" methods="5" coveredmethods="0"/>
          <line num="1" count="2" type="stmt"/>
          <line num="3" count="2" type="cond" truecount="0" falsecount="2"/>
          <line num="15" count="2" type="stmt"/>
          <line num="16" count="0" type="cond" truecount="0" falsecount="8"/>
          <line num="18" count="0" type="cond" truecount="0" falsecount="5"/>
          <line num="19" count="0" type="stmt"/>
          <line num="20" count="0" type="stmt"/>
          <line num="21" count="0" type="stmt"/>
          <line num="22" count="0" type="stmt"/>
          <line num="25" count="0" type="cond" truecount="0" falsecount="2"/>
          <line num="26" count="0" type="stmt"/>
          <line num="29" count="0" type="stmt"/>
          <line num="30" count="0" type="stmt"/>
          <line num="33" count="0" type="stmt"/>
          <line num="34" count="0" type="stmt"/>
          <line num="38" count="0" type="stmt"/>
          <line num="42" count="2" type="stmt"/>
        </file>
        <file name="index.js" path="/Users/stevenvandurm/Developer/eigen-react-native-Arduino/app/src/utils/test/index.js">
          <metrics statements="2" coveredstatements="2" conditionals="0" coveredconditionals="0" methods="2" coveredmethods="1"/>
          <line num="1" count="2" type="stmt"/>
          <line num="2" count="2" type="stmt"/>
        </file>
        <file name="mockAndroid.js" path="/Users/stevenvandurm/Developer/eigen-react-native-Arduino/app/src/utils/test/mockAndroid.js">
          <metrics statements="5" coveredstatements="5" conditionals="0" coveredconditionals="0" methods="2" coveredmethods="2"/>
          <line num="1" count="12" type="stmt"/>
          <line num="2" count="1" type="stmt"/>
          <line num="3" count="1" type="stmt"/>
          <line num="4" count="1" type="stmt"/>
          <line num="7" count="1" type="stmt"/>
        </file>
        <file name="shallowTestHelper.js" path="/Users/stevenvandurm/Developer/eigen-react-native-Arduino/app/src/utils/test/shallowTestHelper.js">
          <metrics statements="13" coveredstatements="12" conditionals="8" coveredconditionals="4" methods="5" coveredmethods="5"/>
          <line num="1" count="2" type="stmt"/>
          <line num="3" count="4" type="stmt"/>
          <line num="5" count="2" type="cond" truecount="2" falsecount="2"/>
          <line num="6" count="2" type="cond" truecount="1" falsecount="1"/>
          <line num="7" count="2" type="stmt"/>
          <line num="8" count="2" type="stmt"/>
          <line num="9" count="2" type="stmt"/>
          <line num="12" count="2" type="cond" truecount="1" falsecount="1"/>
          <line num="13" count="2" type="stmt"/>
          <line num="14" count="2" type="stmt"/>
          <line num="15" count="2" type="stmt"/>
          <line num="20" count="0" type="stmt"/>
          <line num="24" count="2" type="stmt"/>
        </file>
      </package>
    </metrics>
  </project>
</coverage>
