{"/Users/stevenvandurm/Developer/eigen-react-native-Arduino/app/src/components/index.js": {"path":"/Users/stevenvandurm/Developer/eigen-react-native-Arduino/app/src/components/index.js","statementMap":{"0":{"start":{"line":1,"column":13},"end":{"line":1,"column":75}},"1":{"start":{"line":1,"column":75},"end":{"line":1,"column":178}},"2":{"start":{"line":1,"column":155},"end":{"line":1,"column":173}},"3":{"start":{"line":1,"column":178},"end":{"line":1,"column":310}},"4":{"start":{"line":1,"column":271},"end":{"line":1,"column":305}},"5":{"start":{"line":1,"column":310},"end":{"line":1,"column":424}},"6":{"start":{"line":1,"column":394},"end":{"line":1,"column":419}},"7":{"start":{"line":1,"column":436},"end":{"line":1,"column":458}},"8":{"start":{"line":2,"column":25},"end":{"line":2,"column":101}},"9":{"start":{"line":3,"column":16},"end":{"line":3,"column":82}}},"fnMap":{"0":{"name":"get","decl":{"start":{"line":1,"column":148},"end":{"line":1,"column":151}},"loc":{"start":{"line":1,"column":154},"end":{"line":1,"column":174}},"line":1},"1":{"name":"get","decl":{"start":{"line":1,"column":264},"end":{"line":1,"column":267}},"loc":{"start":{"line":1,"column":270},"end":{"line":1,"column":306}},"line":1},"2":{"name":"get","decl":{"start":{"line":1,"column":387},"end":{"line":1,"column":390}},"loc":{"start":{"line":1,"column":393},"end":{"line":1,"column":420}},"line":1}},"branchMap":{},"s":{"0":2,"1":2,"2":5,"3":2,"4":0,"5":2,"6":2,"7":2,"8":2,"9":2},"f":{"0":5,"1":0,"2":2},"b":{},"_coverageSchema":"332fd63041d2c1bcb487cc26dd0d5f7d97098a6c","hash":"364413cfe70796c0aa32833458d4c6d085d99a3e"}
,"/Users/stevenvandurm/Developer/eigen-react-native-Arduino/app/src/components/listItem/ListItem.js": {"path":"/Users/stevenvandurm/Developer/eigen-react-native-Arduino/app/src/components/listItem/ListItem.js","statementMap":{"0":{"start":{"line":1,"column":13},"end":{"line":1,"column":75}},"1":{"start":{"line":1,"column":75},"end":{"line":1,"column":100}},"2":{"start":{"line":1,"column":113},"end":{"line":1,"column":165}},"3":{"start":{"line":2,"column":19},"end":{"line":2,"column":42}},"4":{"start":{"line":3,"column":17},"end":{"line":3,"column":74}},"5":{"start":{"line":4,"column":13},"end":{"line":4,"column":34}},"6":{"start":{"line":4,"column":54},"end":{"line":4,"column":153}},"7":{"start":{"line":6,"column":16},"end":{"line":15,"column":121}},"8":{"start":{"line":6,"column":75},"end":{"line":6,"column":124}},"9":{"start":{"line":6,"column":124},"end":{"line":6,"column":243}},"10":{"start":{"line":6,"column":244},"end":{"line":15,"column":10}},"11":{"start":{"line":8,"column":6},"end":{"line":10,"column":117}},"12":{"start":{"line":15,"column":10},"end":{"line":15,"column":69}},"13":{"start":{"line":15,"column":69},"end":{"line":15,"column":90}},"14":{"start":{"line":18,"column":0},"end":{"line":18,"column":29}},"15":{"start":{"line":20,"column":0},"end":{"line":20,"column":32}},"16":{"start":{"line":22,"column":0},"end":{"line":22,"column":13}},"17":{"start":{"line":22,"column":14},"end":{"line":22,"column":41}}},"fnMap":{"0":{"name":"(anonymous_0)","decl":{"start":{"line":6,"column":16},"end":{"line":6,"column":17}},"loc":{"start":{"line":6,"column":48},"end":{"line":15,"column":91}},"line":6},"1":{"name":"ComponentName","decl":{"start":{"line":6,"column":58},"end":{"line":6,"column":71}},"loc":{"start":{"line":6,"column":74},"end":{"line":6,"column":244}},"line":6},"2":{"name":"render","decl":{"start":{"line":6,"column":318},"end":{"line":6,"column":324}},"loc":{"start":{"line":7,"column":4},"end":{"line":15,"column":5}},"line":7}},"branchMap":{},"s":{"0":2,"1":2,"2":2,"3":2,"4":2,"5":2,"6":2,"7":2,"8":2,"9":2,"10":2,"11":2,"12":2,"13":2,"14":2,"15":2,"16":2,"17":2},"f":{"0":2,"1":2,"2":2},"b":{},"_coverageSchema":"332fd63041d2c1bcb487cc26dd0d5f7d97098a6c","hash":"00f509331f55b46c2e520341c8c5fdb3f86ae717"}
,"/Users/stevenvandurm/Developer/eigen-react-native-Arduino/app/src/components/text/Text.js": {"path":"/Users/stevenvandurm/Developer/eigen-react-native-Arduino/app/src/components/text/Text.js","statementMap":{"0":{"start":{"line":1,"column":13},"end":{"line":1,"column":75}},"1":{"start":{"line":1,"column":75},"end":{"line":1,"column":115}},"2":{"start":{"line":1,"column":128},"end":{"line":1,"column":180}},"3":{"start":{"line":2,"column":19},"end":{"line":2,"column":42}},"4":{"start":{"line":3,"column":17},"end":{"line":3,"column":74}},"5":{"start":{"line":4,"column":13},"end":{"line":4,"column":48}},"6":{"start":{"line":5,"column":14},"end":{"line":5,"column":36}},"7":{"start":{"line":6,"column":14},"end":{"line":6,"column":32}},"8":{"start":{"line":6,"column":52},"end":{"line":6,"column":143}},"9":{"start":{"line":9,"column":20},"end":{"line":14,"column":1}},"10":{"start":{"line":10,"column":18},"end":{"line":10,"column":20}},"11":{"start":{"line":11,"column":2},"end":{"line":11,"column":51}},"12":{"start":{"line":11,"column":20},"end":{"line":11,"column":51}},"13":{"start":{"line":12,"column":2},"end":{"line":12,"column":48}},"14":{"start":{"line":12,"column":18},"end":{"line":12,"column":48}},"15":{"start":{"line":13,"column":2},"end":{"line":13,"column":19}},"16":{"start":{"line":16,"column":28},"end":{"line":20,"column":1}},"17":{"start":{"line":17,"column":27},"end":{"line":17,"column":33}},"18":{"start":{"line":18,"column":2},"end":{"line":18,"column":56}},"19":{"start":{"line":18,"column":23},"end":{"line":18,"column":56}},"20":{"start":{"line":19,"column":2},"end":{"line":19,"column":52}},"21":{"start":{"line":22,"column":19},"end":{"line":31,"column":1}},"22":{"start":{"line":23,"column":14},"end":{"line":23,"column":32}},"23":{"start":{"line":24,"column":2},"end":{"line":24,"column":47}},"24":{"start":{"line":24,"column":19},"end":{"line":24,"column":47}},"25":{"start":{"line":25,"column":2},"end":{"line":25,"column":47}},"26":{"start":{"line":25,"column":19},"end":{"line":25,"column":47}},"27":{"start":{"line":26,"column":2},"end":{"line":26,"column":56}},"28":{"start":{"line":26,"column":23},"end":{"line":26,"column":56}},"29":{"start":{"line":27,"column":2},"end":{"line":27,"column":51}},"30":{"start":{"line":27,"column":21},"end":{"line":27,"column":51}},"31":{"start":{"line":28,"column":2},"end":{"line":28,"column":47}},"32":{"start":{"line":28,"column":19},"end":{"line":28,"column":47}},"33":{"start":{"line":29,"column":2},"end":{"line":29,"column":51}},"34":{"start":{"line":29,"column":21},"end":{"line":29,"column":51}},"35":{"start":{"line":30,"column":2},"end":{"line":30,"column":26}},"36":{"start":{"line":33,"column":18},"end":{"line":69,"column":1}},"37":{"start":{"line":34,"column":17},"end":{"line":34,"column":19}},"38":{"start":{"line":35,"column":19},"end":{"line":35,"column":21}},"39":{"start":{"line":36,"column":2},"end":{"line":39,"column":3}},"40":{"start":{"line":37,"column":4},"end":{"line":37,"column":17}},"41":{"start":{"line":38,"column":4},"end":{"line":38,"column":19}},"42":{"start":{"line":40,"column":2},"end":{"line":43,"column":3}},"43":{"start":{"line":41,"column":4},"end":{"line":41,"column":17}},"44":{"start":{"line":42,"column":4},"end":{"line":42,"column":20}},"45":{"start":{"line":44,"column":2},"end":{"line":47,"column":3}},"46":{"start":{"line":45,"column":4},"end":{"line":45,"column":18}},"47":{"start":{"line":46,"column":4},"end":{"line":46,"column":20}},"48":{"start":{"line":48,"column":2},"end":{"line":51,"column":3}},"49":{"start":{"line":49,"column":4},"end":{"line":49,"column":18}},"50":{"start":{"line":50,"column":4},"end":{"line":50,"column":20}},"51":{"start":{"line":52,"column":2},"end":{"line":55,"column":3}},"52":{"start":{"line":53,"column":4},"end":{"line":53,"column":18}},"53":{"start":{"line":54,"column":4},"end":{"line":54,"column":20}},"54":{"start":{"line":56,"column":2},"end":{"line":59,"column":3}},"55":{"start":{"line":57,"column":4},"end":{"line":57,"column":18}},"56":{"start":{"line":58,"column":4},"end":{"line":58,"column":20}},"57":{"start":{"line":60,"column":2},"end":{"line":63,"column":3}},"58":{"start":{"line":61,"column":4},"end":{"line":61,"column":18}},"59":{"start":{"line":62,"column":4},"end":{"line":62,"column":20}},"60":{"start":{"line":64,"column":2},"end":{"line":67,"column":3}},"61":{"start":{"line":65,"column":4},"end":{"line":65,"column":18}},"62":{"start":{"line":66,"column":4},"end":{"line":66,"column":20}},"63":{"start":{"line":68,"column":2},"end":{"line":68,"column":56}},"64":{"start":{"line":71,"column":19},"end":{"line":77,"column":1}},"65":{"start":{"line":72,"column":18},"end":{"line":72,"column":24}},"66":{"start":{"line":73,"column":2},"end":{"line":73,"column":41}},"67":{"start":{"line":73,"column":20},"end":{"line":73,"column":41}},"68":{"start":{"line":74,"column":2},"end":{"line":74,"column":39}},"69":{"start":{"line":74,"column":19},"end":{"line":74,"column":39}},"70":{"start":{"line":75,"column":2},"end":{"line":75,"column":37}},"71":{"start":{"line":75,"column":18},"end":{"line":75,"column":37}},"72":{"start":{"line":76,"column":2},"end":{"line":76,"column":34}},"73":{"start":{"line":79,"column":11},"end":{"line":90,"column":1}},"74":{"start":{"line":79,"column":44},"end":{"line":79,"column":54}},"75":{"start":{"line":79,"column":63},"end":{"line":79,"column":73}},"76":{"start":{"line":79,"column":86},"end":{"line":79,"column":100}},"77":{"start":{"line":79,"column":109},"end":{"line":79,"column":184}},"78":{"start":{"line":80,"column":15},"end":{"line":80,"column":136}},"79":{"start":{"line":82,"column":2},"end":{"line":88,"column":3}},"80":{"start":{"line":83,"column":4},"end":{"line":85,"column":94}},"81":{"start":{"line":89,"column":2},"end":{"line":89,"column":222}},"82":{"start":{"line":90,"column":2},"end":{"line":90,"column":22}},"83":{"start":{"line":92,"column":0},"end":{"line":95,"column":39}},"84":{"start":{"line":98,"column":0},"end":{"line":101,"column":21}},"85":{"start":{"line":104,"column":0},"end":{"line":104,"column":4}},"86":{"start":{"line":104,"column":5},"end":{"line":104,"column":32}}},"fnMap":{"0":{"name":"getFontFamily","decl":{"start":{"line":9,"column":29},"end":{"line":9,"column":42}},"loc":{"start":{"line":9,"column":50},"end":{"line":14,"column":1}},"line":9},"1":{"name":"getTextDecorationLine","decl":{"start":{"line":16,"column":37},"end":{"line":16,"column":58}},"loc":{"start":{"line":16,"column":66},"end":{"line":20,"column":1}},"line":16},"2":{"name":"getFontColor","decl":{"start":{"line":22,"column":28},"end":{"line":22,"column":40}},"loc":{"start":{"line":22,"column":48},"end":{"line":31,"column":1}},"line":22},"3":{"name":"getFontSize","decl":{"start":{"line":33,"column":27},"end":{"line":33,"column":38}},"loc":{"start":{"line":33,"column":46},"end":{"line":69,"column":1}},"line":33},"4":{"name":"getAlignment","decl":{"start":{"line":71,"column":28},"end":{"line":71,"column":40}},"loc":{"start":{"line":71,"column":48},"end":{"line":77,"column":1}},"line":71},"5":{"name":"Text","decl":{"start":{"line":79,"column":20},"end":{"line":79,"column":24}},"loc":{"start":{"line":79,"column":31},"end":{"line":90,"column":1}},"line":79}},"branchMap":{"0":{"loc":{"start":{"line":11,"column":2},"end":{"line":11,"column":51}},"type":"if","locations":[{"start":{"line":11,"column":2},"end":{"line":11,"column":51}},{"start":{"line":11,"column":2},"end":{"line":11,"column":51}}],"line":11},"1":{"loc":{"start":{"line":12,"column":2},"end":{"line":12,"column":48}},"type":"if","locations":[{"start":{"line":12,"column":2},"end":{"line":12,"column":48}},{"start":{"line":12,"column":2},"end":{"line":12,"column":48}}],"line":12},"2":{"loc":{"start":{"line":18,"column":2},"end":{"line":18,"column":56}},"type":"if","locations":[{"start":{"line":18,"column":2},"end":{"line":18,"column":56}},{"start":{"line":18,"column":2},"end":{"line":18,"column":56}}],"line":18},"3":{"loc":{"start":{"line":24,"column":2},"end":{"line":24,"column":47}},"type":"if","locations":[{"start":{"line":24,"column":2},"end":{"line":24,"column":47}},{"start":{"line":24,"column":2},"end":{"line":24,"column":47}}],"line":24},"4":{"loc":{"start":{"line":25,"column":2},"end":{"line":25,"column":47}},"type":"if","locations":[{"start":{"line":25,"column":2},"end":{"line":25,"column":47}},{"start":{"line":25,"column":2},"end":{"line":25,"column":47}}],"line":25},"5":{"loc":{"start":{"line":26,"column":2},"end":{"line":26,"column":56}},"type":"if","locations":[{"start":{"line":26,"column":2},"end":{"line":26,"column":56}},{"start":{"line":26,"column":2},"end":{"line":26,"column":56}}],"line":26},"6":{"loc":{"start":{"line":27,"column":2},"end":{"line":27,"column":51}},"type":"if","locations":[{"start":{"line":27,"column":2},"end":{"line":27,"column":51}},{"start":{"line":27,"column":2},"end":{"line":27,"column":51}}],"line":27},"7":{"loc":{"start":{"line":28,"column":2},"end":{"line":28,"column":47}},"type":"if","locations":[{"start":{"line":28,"column":2},"end":{"line":28,"column":47}},{"start":{"line":28,"column":2},"end":{"line":28,"column":47}}],"line":28},"8":{"loc":{"start":{"line":29,"column":2},"end":{"line":29,"column":51}},"type":"if","locations":[{"start":{"line":29,"column":2},"end":{"line":29,"column":51}},{"start":{"line":29,"column":2},"end":{"line":29,"column":51}}],"line":29},"9":{"loc":{"start":{"line":36,"column":2},"end":{"line":39,"column":3}},"type":"if","locations":[{"start":{"line":36,"column":2},"end":{"line":39,"column":3}},{"start":{"line":36,"column":2},"end":{"line":39,"column":3}}],"line":36},"10":{"loc":{"start":{"line":40,"column":2},"end":{"line":43,"column":3}},"type":"if","locations":[{"start":{"line":40,"column":2},"end":{"line":43,"column":3}},{"start":{"line":40,"column":2},"end":{"line":43,"column":3}}],"line":40},"11":{"loc":{"start":{"line":44,"column":2},"end":{"line":47,"column":3}},"type":"if","locations":[{"start":{"line":44,"column":2},"end":{"line":47,"column":3}},{"start":{"line":44,"column":2},"end":{"line":47,"column":3}}],"line":44},"12":{"loc":{"start":{"line":48,"column":2},"end":{"line":51,"column":3}},"type":"if","locations":[{"start":{"line":48,"column":2},"end":{"line":51,"column":3}},{"start":{"line":48,"column":2},"end":{"line":51,"column":3}}],"line":48},"13":{"loc":{"start":{"line":52,"column":2},"end":{"line":55,"column":3}},"type":"if","locations":[{"start":{"line":52,"column":2},"end":{"line":55,"column":3}},{"start":{"line":52,"column":2},"end":{"line":55,"column":3}}],"line":52},"14":{"loc":{"start":{"line":56,"column":2},"end":{"line":59,"column":3}},"type":"if","locations":[{"start":{"line":56,"column":2},"end":{"line":59,"column":3}},{"start":{"line":56,"column":2},"end":{"line":59,"column":3}}],"line":56},"15":{"loc":{"start":{"line":60,"column":2},"end":{"line":63,"column":3}},"type":"if","locations":[{"start":{"line":60,"column":2},"end":{"line":63,"column":3}},{"start":{"line":60,"column":2},"end":{"line":63,"column":3}}],"line":60},"16":{"loc":{"start":{"line":64,"column":2},"end":{"line":67,"column":3}},"type":"if","locations":[{"start":{"line":64,"column":2},"end":{"line":67,"column":3}},{"start":{"line":64,"column":2},"end":{"line":67,"column":3}}],"line":64},"17":{"loc":{"start":{"line":73,"column":2},"end":{"line":73,"column":41}},"type":"if","locations":[{"start":{"line":73,"column":2},"end":{"line":73,"column":41}},{"start":{"line":73,"column":2},"end":{"line":73,"column":41}}],"line":73},"18":{"loc":{"start":{"line":74,"column":2},"end":{"line":74,"column":39}},"type":"if","locations":[{"start":{"line":74,"column":2},"end":{"line":74,"column":39}},{"start":{"line":74,"column":2},"end":{"line":74,"column":39}}],"line":74},"19":{"loc":{"start":{"line":75,"column":2},"end":{"line":75,"column":37}},"type":"if","locations":[{"start":{"line":75,"column":2},"end":{"line":75,"column":37}},{"start":{"line":75,"column":2},"end":{"line":75,"column":37}}],"line":75},"20":{"loc":{"start":{"line":82,"column":2},"end":{"line":88,"column":3}},"type":"if","locations":[{"start":{"line":82,"column":2},"end":{"line":88,"column":3}},{"start":{"line":82,"column":2},"end":{"line":88,"column":3}}],"line":82},"21":{"loc":{"start":{"line":85,"column":6},"end":{"line":85,"column":91}},"type":"cond-expr","locations":[{"start":{"line":85,"column":18},"end":{"line":85,"column":60}},{"start":{"line":85,"column":63},"end":{"line":85,"column":91}}],"line":85},"22":{"loc":{"start":{"line":89,"column":163},"end":{"line":89,"column":220}},"type":"cond-expr","locations":[{"start":{"line":89,"column":175},"end":{"line":89,"column":203}},{"start":{"line":89,"column":206},"end":{"line":89,"column":220}}],"line":89}},"s":{"0":3,"1":3,"2":3,"3":3,"4":3,"5":3,"6":3,"7":3,"8":3,"9":3,"10":48,"11":48,"12":2,"13":48,"14":2,"15":48,"16":3,"17":48,"18":48,"19":2,"20":48,"21":3,"22":48,"23":48,"24":2,"25":48,"26":2,"27":48,"28":2,"29":48,"30":2,"31":48,"32":2,"33":48,"34":2,"35":48,"36":3,"37":48,"38":48,"39":48,"40":2,"41":2,"42":48,"43":2,"44":2,"45":48,"46":2,"47":2,"48":48,"49":2,"50":2,"51":48,"52":2,"53":2,"54":48,"55":2,"56":2,"57":48,"58":2,"59":2,"60":48,"61":2,"62":2,"63":48,"64":3,"65":48,"66":48,"67":2,"68":48,"69":2,"70":48,"71":2,"72":48,"73":3,"74":48,"75":48,"76":48,"77":48,"78":48,"79":48,"80":45,"81":3,"82":3,"83":3,"84":3,"85":3,"86":3},"f":{"0":48,"1":48,"2":48,"3":48,"4":48,"5":48},"b":{"0":[2,46],"1":[2,46],"2":[2,46],"3":[2,46],"4":[2,46],"5":[2,46],"6":[2,46],"7":[2,46],"8":[2,46],"9":[2,46],"10":[2,46],"11":[2,46],"12":[2,46],"13":[2,46],"14":[2,46],"15":[2,46],"16":[2,46],"17":[2,46],"18":[2,46],"19":[2,46],"20":[45,3],"21":[1,44],"22":[1,2]},"_coverageSchema":"332fd63041d2c1bcb487cc26dd0d5f7d97098a6c","hash":"ed4dc78a85d1bad43d4449f117865f5a6cdd155c"}
,"/Users/stevenvandurm/Developer/eigen-react-native-Arduino/app/src/components/touchable/TouchableFeedback.js": {"path":"/Users/stevenvandurm/Developer/eigen-react-native-Arduino/app/src/components/touchable/TouchableFeedback.js","statementMap":{"0":{"start":{"line":1,"column":13},"end":{"line":1,"column":75}},"1":{"start":{"line":1,"column":75},"end":{"line":1,"column":100}},"2":{"start":{"line":1,"column":113},"end":{"line":1,"column":166}},"3":{"start":{"line":2,"column":19},"end":{"line":2,"column":42}},"4":{"start":{"line":3,"column":17},"end":{"line":3,"column":74}},"5":{"start":{"line":4,"column":13},"end":{"line":4,"column":48}},"6":{"start":{"line":5,"column":25},"end":{"line":5,"column":97}},"7":{"start":{"line":5,"column":117},"end":{"line":5,"column":226}},"8":{"start":{"line":7,"column":15},"end":{"line":7,"column":18}},"9":{"start":{"line":9,"column":20},"end":{"line":67,"column":115}},"10":{"start":{"line":10,"column":47},"end":{"line":10,"column":100}},"11":{"start":{"line":11,"column":4},"end":{"line":11,"column":123}},"12":{"start":{"line":11,"column":123},"end":{"line":25,"column":6}},"13":{"start":{"line":18,"column":6},"end":{"line":24,"column":7}},"14":{"start":{"line":19,"column":8},"end":{"line":19,"column":30}},"15":{"start":{"line":20,"column":8},"end":{"line":20,"column":42}},"16":{"start":{"line":21,"column":8},"end":{"line":23,"column":21}},"17":{"start":{"line":22,"column":10},"end":{"line":22,"column":45}},"18":{"start":{"line":25,"column":6},"end":{"line":40,"column":6}},"19":{"start":{"line":28,"column":6},"end":{"line":34,"column":7}},"20":{"start":{"line":29,"column":8},"end":{"line":31,"column":33}},"21":{"start":{"line":35,"column":6},"end":{"line":37,"column":31}},"22":{"start":{"line":40,"column":6},"end":{"line":47,"column":6}},"23":{"start":{"line":43,"column":6},"end":{"line":45,"column":7}},"24":{"start":{"line":44,"column":8},"end":{"line":44,"column":85}},"25":{"start":{"line":46,"column":6},"end":{"line":46,"column":95}},"26":{"start":{"line":47,"column":6},"end":{"line":57,"column":167}},"27":{"start":{"line":49,"column":33},"end":{"line":57,"column":165}},"28":{"start":{"line":57,"column":167},"end":{"line":57,"column":200}},"29":{"start":{"line":57,"column":200},"end":{"line":57,"column":213}},"30":{"start":{"line":57,"column":214},"end":{"line":67,"column":10}},"31":{"start":{"line":63,"column":6},"end":{"line":65,"column":7}},"32":{"start":{"line":64,"column":8},"end":{"line":64,"column":32}},"33":{"start":{"line":66,"column":6},"end":{"line":66,"column":34}},"34":{"start":{"line":67,"column":10},"end":{"line":67,"column":67}},"35":{"start":{"line":67,"column":67},"end":{"line":67,"column":92}},"36":{"start":{"line":70,"column":0},"end":{"line":78,"column":53}},"37":{"start":{"line":81,"column":0},"end":{"line":86,"column":30}},"38":{"start":{"line":89,"column":0},"end":{"line":89,"column":17}},"39":{"start":{"line":89,"column":18},"end":{"line":89,"column":45}}},"fnMap":{"0":{"name":"(anonymous_0)","decl":{"start":{"line":9,"column":20},"end":{"line":9,"column":21}},"loc":{"start":{"line":9,"column":46},"end":{"line":67,"column":93}},"line":9},"1":{"name":"TouchableFeedback","decl":{"start":{"line":10,"column":11},"end":{"line":10,"column":28}},"loc":{"start":{"line":10,"column":36},"end":{"line":57,"column":214}},"line":10},"2":{"name":"(anonymous_2)","decl":{"start":{"line":17,"column":14},"end":{"line":17,"column":15}},"loc":{"start":{"line":17,"column":26},"end":{"line":25,"column":5}},"line":17},"3":{"name":"(anonymous_3)","decl":{"start":{"line":21,"column":19},"end":{"line":21,"column":20}},"loc":{"start":{"line":21,"column":31},"end":{"line":23,"column":9}},"line":21},"4":{"name":"(anonymous_4)","decl":{"start":{"line":27,"column":16},"end":{"line":27,"column":17}},"loc":{"start":{"line":27,"column":28},"end":{"line":40,"column":5}},"line":27},"5":{"name":"(anonymous_5)","decl":{"start":{"line":42,"column":16},"end":{"line":42,"column":17}},"loc":{"start":{"line":42,"column":28},"end":{"line":47,"column":5}},"line":42},"6":{"name":"(anonymous_6)","decl":{"start":{"line":49,"column":20},"end":{"line":49,"column":21}},"loc":{"start":{"line":49,"column":32},"end":{"line":57,"column":166}},"line":49},"7":{"name":"render","decl":{"start":{"line":57,"column":292},"end":{"line":57,"column":298}},"loc":{"start":{"line":62,"column":4},"end":{"line":67,"column":5}},"line":62}},"branchMap":{"0":{"loc":{"start":{"line":18,"column":6},"end":{"line":24,"column":7}},"type":"if","locations":[{"start":{"line":18,"column":6},"end":{"line":24,"column":7}},{"start":{"line":18,"column":6},"end":{"line":24,"column":7}}],"line":18},"1":{"loc":{"start":{"line":28,"column":6},"end":{"line":34,"column":7}},"type":"if","locations":[{"start":{"line":28,"column":6},"end":{"line":34,"column":7}},{"start":{"line":28,"column":6},"end":{"line":34,"column":7}}],"line":28},"2":{"loc":{"start":{"line":43,"column":6},"end":{"line":45,"column":7}},"type":"if","locations":[{"start":{"line":43,"column":6},"end":{"line":45,"column":7}},{"start":{"line":43,"column":6},"end":{"line":45,"column":7}}],"line":43},"3":{"loc":{"start":{"line":46,"column":13},"end":{"line":46,"column":94}},"type":"binary-expr","locations":[{"start":{"line":46,"column":13},"end":{"line":46,"column":31}},{"start":{"line":46,"column":35},"end":{"line":46,"column":94}}],"line":46},"4":{"loc":{"start":{"line":50,"column":101},"end":{"line":50,"column":177}},"type":"binary-expr","locations":[{"start":{"line":50,"column":101},"end":{"line":50,"column":130}},{"start":{"line":50,"column":134},"end":{"line":50,"column":177}}],"line":50},"5":{"loc":{"start":{"line":63,"column":6},"end":{"line":65,"column":7}},"type":"if","locations":[{"start":{"line":63,"column":6},"end":{"line":65,"column":7}},{"start":{"line":63,"column":6},"end":{"line":65,"column":7}}],"line":63}},"s":{"0":3,"1":3,"2":3,"3":3,"4":3,"5":3,"6":3,"7":3,"8":3,"9":3,"10":26,"11":26,"12":26,"13":3,"14":2,"15":2,"16":2,"17":1,"18":26,"19":17,"20":2,"21":15,"22":26,"23":12,"24":2,"25":10,"26":26,"27":12,"28":26,"29":26,"30":3,"31":29,"32":17,"33":12,"34":3,"35":3,"36":3,"37":3,"38":3,"39":3},"f":{"0":3,"1":26,"2":3,"3":1,"4":17,"5":12,"6":12,"7":29},"b":{"0":[2,1],"1":[2,15],"2":[2,10],"3":[10,8],"4":[12,10],"5":[17,12]},"_coverageSchema":"332fd63041d2c1bcb487cc26dd0d5f7d97098a6c","hash":"d75cbbea92c48f638a58dfe64109c4389ed51cc9"}
,"/Users/stevenvandurm/Developer/eigen-react-native-Arduino/app/src/components/touchable/TouchableFeedback.style.js": {"path":"/Users/stevenvandurm/Developer/eigen-react-native-Arduino/app/src/components/touchable/TouchableFeedback.style.js","statementMap":{"0":{"start":{"line":1,"column":13},"end":{"line":1,"column":75}},"1":{"start":{"line":1,"column":75},"end":{"line":1,"column":100}},"2":{"start":{"line":1,"column":119},"end":{"line":1,"column":142}},"3":{"start":{"line":3,"column":0},"end":{"line":5,"column":27}},"4":{"start":{"line":5,"column":28},"end":{"line":5,"column":55}}},"fnMap":{},"branchMap":{},"s":{"0":3,"1":3,"2":3,"3":3,"4":3},"f":{},"b":{},"_coverageSchema":"332fd63041d2c1bcb487cc26dd0d5f7d97098a6c","hash":"74e7b743196fb4f641b7fadacc2bf4fd0d547556"}
,"/Users/stevenvandurm/Developer/eigen-react-native-Arduino/app/src/scenes/home/Home.js": {"path":"/Users/stevenvandurm/Developer/eigen-react-native-Arduino/app/src/scenes/home/Home.js","statementMap":{"0":{"start":{"line":1,"column":13},"end":{"line":1,"column":75}},"1":{"start":{"line":1,"column":75},"end":{"line":1,"column":100}},"2":{"start":{"line":1,"column":113},"end":{"line":1,"column":165}},"3":{"start":{"line":2,"column":19},"end":{"line":2,"column":42}},"4":{"start":{"line":3,"column":17},"end":{"line":3,"column":74}},"5":{"start":{"line":4,"column":14},"end":{"line":4,"column":69}},"6":{"start":{"line":5,"column":13},"end":{"line":5,"column":48}},"7":{"start":{"line":6,"column":14},"end":{"line":6,"column":36}},"8":{"start":{"line":7,"column":18},"end":{"line":7,"column":45}},"9":{"start":{"line":7,"column":65},"end":{"line":7,"column":152}},"10":{"start":{"line":9,"column":7},"end":{"line":25,"column":95}},"11":{"start":{"line":9,"column":96},"end":{"line":9,"column":136}},"12":{"start":{"line":9,"column":136},"end":{"line":9,"column":256}},"13":{"start":{"line":9,"column":226},"end":{"line":9,"column":255}},"14":{"start":{"line":9,"column":256},"end":{"line":12,"column":15}},"15":{"start":{"line":11,"column":6},"end":{"line":11,"column":122}},"16":{"start":{"line":12,"column":16},"end":{"line":25,"column":10}},"17":{"start":{"line":14,"column":6},"end":{"line":21,"column":101}},"18":{"start":{"line":25,"column":10},"end":{"line":25,"column":56}},"19":{"start":{"line":25,"column":56},"end":{"line":25,"column":68}},"20":{"start":{"line":28,"column":0},"end":{"line":28,"column":20}},"21":{"start":{"line":30,"column":0},"end":{"line":30,"column":23}},"22":{"start":{"line":32,"column":0},"end":{"line":32,"column":4}},"23":{"start":{"line":32,"column":5},"end":{"line":32,"column":32}}},"fnMap":{"0":{"name":"(anonymous_0)","decl":{"start":{"line":9,"column":7},"end":{"line":9,"column":8}},"loc":{"start":{"line":9,"column":35},"end":{"line":25,"column":69}},"line":9},"1":{"name":"Home","decl":{"start":{"line":9,"column":45},"end":{"line":9,"column":49}},"loc":{"start":{"line":9,"column":52},"end":{"line":12,"column":16}},"line":9},"2":{"name":"(anonymous_2)","decl":{"start":{"line":10,"column":21},"end":{"line":10,"column":22}},"loc":{"start":{"line":10,"column":33},"end":{"line":12,"column":5}},"line":10},"3":{"name":"render","decl":{"start":{"line":12,"column":81},"end":{"line":12,"column":87}},"loc":{"start":{"line":13,"column":4},"end":{"line":25,"column":5}},"line":13}},"branchMap":{},"s":{"0":1,"1":1,"2":1,"3":1,"4":1,"5":1,"6":1,"7":1,"8":1,"9":1,"10":1,"11":3,"12":3,"13":9,"14":3,"15":1,"16":1,"17":3,"18":1,"19":1,"20":1,"21":1,"22":1,"23":1},"f":{"0":1,"1":3,"2":1,"3":3},"b":{},"_coverageSchema":"332fd63041d2c1bcb487cc26dd0d5f7d97098a6c","hash":"743845cd9ad6e3ffc554f79f20ae59f85c2f7509"}
,"/Users/stevenvandurm/Developer/eigen-react-native-Arduino/app/src/scenes/home/styles.js": {"path":"/Users/stevenvandurm/Developer/eigen-react-native-Arduino/app/src/scenes/home/styles.js","statementMap":{"0":{"start":{"line":1,"column":13},"end":{"line":1,"column":75}},"1":{"start":{"line":1,"column":75},"end":{"line":1,"column":100}},"2":{"start":{"line":1,"column":119},"end":{"line":1,"column":142}},"3":{"start":{"line":2,"column":13},"end":{"line":2,"column":48}},"4":{"start":{"line":4,"column":13},"end":{"line":37,"column":28}},"5":{"start":{"line":41,"column":0},"end":{"line":41,"column":6}},"6":{"start":{"line":41,"column":7},"end":{"line":41,"column":34}}},"fnMap":{},"branchMap":{},"s":{"0":1,"1":1,"2":1,"3":1,"4":1,"5":1,"6":1},"f":{},"b":{},"_coverageSchema":"332fd63041d2c1bcb487cc26dd0d5f7d97098a6c","hash":"a7cff92e96f54044a37eb9ec3ae59f9975e3fc59"}
,"/Users/stevenvandurm/Developer/eigen-react-native-Arduino/app/src/utils/index.js": {"path":"/Users/stevenvandurm/Developer/eigen-react-native-Arduino/app/src/utils/index.js","statementMap":{"0":{"start":{"line":1,"column":13},"end":{"line":1,"column":75}},"1":{"start":{"line":1,"column":75},"end":{"line":1,"column":194}},"2":{"start":{"line":1,"column":159},"end":{"line":1,"column":189}},"3":{"start":{"line":1,"column":214},"end":{"line":1,"column":239}}},"fnMap":{"0":{"name":"get","decl":{"start":{"line":1,"column":152},"end":{"line":1,"column":155}},"loc":{"start":{"line":1,"column":158},"end":{"line":1,"column":190}},"line":1}},"branchMap":{},"s":{"0":3,"1":3,"2":45,"3":3},"f":{"0":45},"b":{},"_coverageSchema":"332fd63041d2c1bcb487cc26dd0d5f7d97098a6c","hash":"aadbba4ffc86883e065237a7f1e29d439808b279"}
,"/Users/stevenvandurm/Developer/eigen-react-native-Arduino/app/src/utils/translations.js": {"path":"/Users/stevenvandurm/Developer/eigen-react-native-Arduino/app/src/utils/translations.js","statementMap":{"0":{"start":{"line":1,"column":13},"end":{"line":1,"column":75}},"1":{"start":{"line":1,"column":75},"end":{"line":1,"column":192}},"2":{"start":{"line":1,"column":155},"end":{"line":1,"column":187}},"3":{"start":{"line":1,"column":192},"end":{"line":1,"column":271}},"4":{"start":{"line":1,"column":294},"end":{"line":1,"column":358}},"5":{"start":{"line":2,"column":29},"end":{"line":2,"column":100}},"6":{"start":{"line":4,"column":10},"end":{"line":4,"column":82}},"7":{"start":{"line":5,"column":10},"end":{"line":5,"column":82}},"8":{"start":{"line":7,"column":15},"end":{"line":7,"column":173}},"9":{"start":{"line":7,"column":53},"end":{"line":7,"column":123}},"10":{"start":{"line":7,"column":124},"end":{"line":7,"column":172}},"11":{"start":{"line":7,"column":174},"end":{"line":7,"column":202}},"12":{"start":{"line":12,"column":21},"end":{"line":12,"column":91}},"13":{"start":{"line":12,"column":51},"end":{"line":12,"column":90}},"14":{"start":{"line":12,"column":92},"end":{"line":12,"column":132}},"15":{"start":{"line":14,"column":24},"end":{"line":16,"column":1}},"16":{"start":{"line":15,"column":2},"end":{"line":15,"column":14}},"17":{"start":{"line":16,"column":2},"end":{"line":16,"column":48}},"18":{"start":{"line":19,"column":0},"end":{"line":19,"column":42}},"19":{"start":{"line":21,"column":0},"end":{"line":21,"column":61}},"20":{"start":{"line":22,"column":0},"end":{"line":22,"column":54}},"21":{"start":{"line":25,"column":19},"end":{"line":27,"column":19}},"22":{"start":{"line":29,"column":0},"end":{"line":29,"column":53}}},"fnMap":{"0":{"name":"get","decl":{"start":{"line":1,"column":148},"end":{"line":1,"column":151}},"loc":{"start":{"line":1,"column":154},"end":{"line":1,"column":188}},"line":1},"1":{"name":"getLabel","decl":{"start":{"line":7,"column":24},"end":{"line":7,"column":32}},"loc":{"start":{"line":7,"column":38},"end":{"line":7,"column":173}},"line":7},"2":{"name":"doesLabelExist","decl":{"start":{"line":12,"column":30},"end":{"line":12,"column":44}},"loc":{"start":{"line":12,"column":50},"end":{"line":12,"column":91}},"line":12},"3":{"name":"getDeviceLanguage","decl":{"start":{"line":14,"column":33},"end":{"line":14,"column":50}},"loc":{"start":{"line":14,"column":53},"end":{"line":16,"column":1}},"line":14}},"branchMap":{"0":{"loc":{"start":{"line":7,"column":53},"end":{"line":7,"column":123}},"type":"cond-expr","locations":[{"start":{"line":7,"column":106},"end":{"line":7,"column":118}},{"start":{"line":7,"column":121},"end":{"line":7,"column":123}}],"line":7},"1":{"loc":{"start":{"line":7,"column":53},"end":{"line":7,"column":103}},"type":"binary-expr","locations":[{"start":{"line":7,"column":53},"end":{"line":7,"column":73}},{"start":{"line":7,"column":77},"end":{"line":7,"column":103}}],"line":7}},"s":{"0":3,"1":3,"2":0,"3":3,"4":3,"5":3,"6":3,"7":3,"8":3,"9":45,"10":45,"11":3,"12":3,"13":0,"14":3,"15":3,"16":6,"17":3,"18":3,"19":3,"20":3,"21":3,"22":3},"f":{"0":0,"1":45,"2":0,"3":6},"b":{"0":[0,45],"1":[45,0]},"_coverageSchema":"332fd63041d2c1bcb487cc26dd0d5f7d97098a6c","hash":"4391603ed799ef8555a7fcd28a70e0ff2eebb3f8"}
}
