{"/Users/stevenvandurm/Developer/eigen-react-native-Arduino/app/setupJest.js": {"path":"/Users/stevenvandurm/Developer/eigen-react-native-Arduino/app/setupJest.js","statementMap":{"0":{"start":{"line":1,"column":27},"end":{"line":1,"column":44}},"1":{"start":{"line":2,"column":26},"end":{"line":2,"column":96}},"2":{"start":{"line":4,"column":0},"end":{"line":4,"column":71}},"3":{"start":{"line":6,"column":0},"end":{"line":7,"column":50}},"4":{"start":{"line":6,"column":46},"end":{"line":7,"column":47}},"5":{"start":{"line":10,"column":0},"end":{"line":11,"column":42}},"6":{"start":{"line":10,"column":44},"end":{"line":11,"column":39}},"7":{"start":{"line":11,"column":23},"end":{"line":11,"column":35}},"8":{"start":{"line":14,"column":0},"end":{"line":17,"column":60}},"9":{"start":{"line":14,"column":51},"end":{"line":17,"column":57}},"10":{"start":{"line":16,"column":49},"end":{"line":16,"column":61}},"11":{"start":{"line":17,"column":35},"end":{"line":17,"column":53}}},"fnMap":{"0":{"name":"(anonymous_0)","decl":{"start":{"line":6,"column":33},"end":{"line":6,"column":34}},"loc":{"start":{"line":6,"column":45},"end":{"line":7,"column":48}},"line":6},"1":{"name":"(anonymous_1)","decl":{"start":{"line":10,"column":31},"end":{"line":10,"column":32}},"loc":{"start":{"line":10,"column":43},"end":{"line":11,"column":40}},"line":10},"2":{"name":"t","decl":{"start":{"line":11,"column":16},"end":{"line":11,"column":17}},"loc":{"start":{"line":11,"column":22},"end":{"line":11,"column":36}},"line":11},"3":{"name":"(anonymous_3)","decl":{"start":{"line":14,"column":38},"end":{"line":14,"column":39}},"loc":{"start":{"line":14,"column":50},"end":{"line":17,"column":58}},"line":14},"4":{"name":"getUniqueID","decl":{"start":{"line":15,"column":26},"end":{"line":15,"column":37}},"loc":{"start":{"line":15,"column":40},"end":{"line":15,"column":42}},"line":15},"5":{"name":"getDeviceLocale","decl":{"start":{"line":16,"column":30},"end":{"line":16,"column":45}},"loc":{"start":{"line":16,"column":48},"end":{"line":16,"column":62}},"line":16},"6":{"name":"getModel","decl":{"start":{"line":17,"column":23},"end":{"line":17,"column":31}},"loc":{"start":{"line":17,"column":34},"end":{"line":17,"column":54}},"line":17}},"branchMap":{},"s":{"0":4,"1":4,"2":4,"3":4,"4":0,"5":4,"6":3,"7":45,"8":4,"9":3,"10":0,"11":0},"f":{"0":0,"1":3,"2":45,"3":3,"4":0,"5":0,"6":0},"b":{},"_coverageSchema":"332fd63041d2c1bcb487cc26dd0d5f7d97098a6c","hash":"3d49d2113bbfae90c16cd6c950503c1c271c8f9c"}
,"/Users/stevenvandurm/Developer/eigen-react-native-Arduino/app/src/components/index.js": {"path":"/Users/stevenvandurm/Developer/eigen-react-native-Arduino/app/src/components/index.js","statementMap":{"0":{"start":{"line":1,"column":13},"end":{"line":1,"column":75}},"1":{"start":{"line":1,"column":75},"end":{"line":1,"column":178}},"2":{"start":{"line":1,"column":155},"end":{"line":1,"column":173}},"3":{"start":{"line":1,"column":178},"end":{"line":1,"column":310}},"4":{"start":{"line":1,"column":271},"end":{"line":1,"column":305}},"5":{"start":{"line":1,"column":310},"end":{"line":1,"column":424}},"6":{"start":{"line":1,"column":394},"end":{"line":1,"column":419}},"7":{"start":{"line":1,"column":436},"end":{"line":1,"column":458}},"8":{"start":{"line":2,"column":25},"end":{"line":2,"column":101}},"9":{"start":{"line":3,"column":16},"end":{"line":3,"column":82}},"10":{"start":{"line":10,"column":0},"end":{"line":10,"column":19}}},"fnMap":{"0":{"name":"get","decl":{"start":{"line":1,"column":148},"end":{"line":1,"column":151}},"loc":{"start":{"line":1,"column":154},"end":{"line":1,"column":174}},"line":1},"1":{"name":"get","decl":{"start":{"line":1,"column":264},"end":{"line":1,"column":267}},"loc":{"start":{"line":1,"column":270},"end":{"line":1,"column":306}},"line":1},"2":{"name":"get","decl":{"start":{"line":1,"column":387},"end":{"line":1,"column":390}},"loc":{"start":{"line":1,"column":393},"end":{"line":1,"column":420}},"line":1}},"branchMap":{},"s":{"0":2,"1":2,"2":5,"3":2,"4":0,"5":2,"6":2,"7":2,"8":2,"9":2,"10":2},"f":{"0":5,"1":0,"2":2},"b":{},"_coverageSchema":"332fd63041d2c1bcb487cc26dd0d5f7d97098a6c","hash":"f2d27fb8cb223c479969692471deae0d47df46b8"}
,"/Users/stevenvandurm/Developer/eigen-react-native-Arduino/app/src/components/listItem/ListItem.js": {"path":"/Users/stevenvandurm/Developer/eigen-react-native-Arduino/app/src/components/listItem/ListItem.js","statementMap":{"0":{"start":{"line":1,"column":13},"end":{"line":1,"column":75}},"1":{"start":{"line":1,"column":75},"end":{"line":1,"column":100}},"2":{"start":{"line":1,"column":113},"end":{"line":1,"column":165}},"3":{"start":{"line":2,"column":19},"end":{"line":2,"column":42}},"4":{"start":{"line":3,"column":17},"end":{"line":3,"column":74}},"5":{"start":{"line":4,"column":13},"end":{"line":4,"column":34}},"6":{"start":{"line":4,"column":54},"end":{"line":4,"column":153}},"7":{"start":{"line":6,"column":16},"end":{"line":15,"column":121}},"8":{"start":{"line":6,"column":75},"end":{"line":6,"column":124}},"9":{"start":{"line":6,"column":124},"end":{"line":6,"column":243}},"10":{"start":{"line":6,"column":244},"end":{"line":15,"column":10}},"11":{"start":{"line":8,"column":6},"end":{"line":10,"column":117}},"12":{"start":{"line":15,"column":10},"end":{"line":15,"column":69}},"13":{"start":{"line":15,"column":69},"end":{"line":15,"column":90}},"14":{"start":{"line":18,"column":0},"end":{"line":18,"column":29}},"15":{"start":{"line":20,"column":0},"end":{"line":20,"column":32}},"16":{"start":{"line":22,"column":0},"end":{"line":22,"column":13}},"17":{"start":{"line":22,"column":14},"end":{"line":22,"column":41}}},"fnMap":{"0":{"name":"(anonymous_0)","decl":{"start":{"line":6,"column":16},"end":{"line":6,"column":17}},"loc":{"start":{"line":6,"column":48},"end":{"line":15,"column":91}},"line":6},"1":{"name":"ComponentName","decl":{"start":{"line":6,"column":58},"end":{"line":6,"column":71}},"loc":{"start":{"line":6,"column":74},"end":{"line":6,"column":244}},"line":6},"2":{"name":"render","decl":{"start":{"line":6,"column":318},"end":{"line":6,"column":324}},"loc":{"start":{"line":7,"column":4},"end":{"line":15,"column":5}},"line":7}},"branchMap":{},"s":{"0":2,"1":2,"2":2,"3":2,"4":2,"5":2,"6":2,"7":2,"8":2,"9":2,"10":2,"11":2,"12":2,"13":2,"14":2,"15":2,"16":2,"17":2},"f":{"0":2,"1":2,"2":2},"b":{},"_coverageSchema":"332fd63041d2c1bcb487cc26dd0d5f7d97098a6c","hash":"00f509331f55b46c2e520341c8c5fdb3f86ae717"}
,"/Users/stevenvandurm/Developer/eigen-react-native-Arduino/app/src/components/text/Text.js": {"path":"/Users/stevenvandurm/Developer/eigen-react-native-Arduino/app/src/components/text/Text.js","statementMap":{"0":{"start":{"line":1,"column":13},"end":{"line":1,"column":75}},"1":{"start":{"line":1,"column":75},"end":{"line":1,"column":115}},"2":{"start":{"line":1,"column":128},"end":{"line":1,"column":180}},"3":{"start":{"line":2,"column":19},"end":{"line":2,"column":42}},"4":{"start":{"line":3,"column":17},"end":{"line":3,"column":74}},"5":{"start":{"line":4,"column":13},"end":{"line":4,"column":48}},"6":{"start":{"line":5,"column":14},"end":{"line":5,"column":36}},"7":{"start":{"line":5,"column":56},"end":{"line":5,"column":147}},"8":{"start":{"line":8,"column":20},"end":{"line":13,"column":1}},"9":{"start":{"line":9,"column":18},"end":{"line":9,"column":20}},"10":{"start":{"line":10,"column":2},"end":{"line":10,"column":51}},"11":{"start":{"line":10,"column":20},"end":{"line":10,"column":51}},"12":{"start":{"line":11,"column":2},"end":{"line":11,"column":48}},"13":{"start":{"line":11,"column":18},"end":{"line":11,"column":48}},"14":{"start":{"line":12,"column":2},"end":{"line":12,"column":19}},"15":{"start":{"line":15,"column":28},"end":{"line":19,"column":1}},"16":{"start":{"line":16,"column":27},"end":{"line":16,"column":33}},"17":{"start":{"line":17,"column":2},"end":{"line":17,"column":56}},"18":{"start":{"line":17,"column":23},"end":{"line":17,"column":56}},"19":{"start":{"line":18,"column":2},"end":{"line":18,"column":52}},"20":{"start":{"line":21,"column":19},"end":{"line":30,"column":1}},"21":{"start":{"line":22,"column":14},"end":{"line":22,"column":32}},"22":{"start":{"line":23,"column":2},"end":{"line":23,"column":47}},"23":{"start":{"line":23,"column":19},"end":{"line":23,"column":47}},"24":{"start":{"line":24,"column":2},"end":{"line":24,"column":47}},"25":{"start":{"line":24,"column":19},"end":{"line":24,"column":47}},"26":{"start":{"line":25,"column":2},"end":{"line":25,"column":56}},"27":{"start":{"line":25,"column":23},"end":{"line":25,"column":56}},"28":{"start":{"line":26,"column":2},"end":{"line":26,"column":51}},"29":{"start":{"line":26,"column":21},"end":{"line":26,"column":51}},"30":{"start":{"line":27,"column":2},"end":{"line":27,"column":47}},"31":{"start":{"line":27,"column":19},"end":{"line":27,"column":47}},"32":{"start":{"line":28,"column":2},"end":{"line":28,"column":51}},"33":{"start":{"line":28,"column":21},"end":{"line":28,"column":51}},"34":{"start":{"line":29,"column":2},"end":{"line":29,"column":26}},"35":{"start":{"line":32,"column":18},"end":{"line":68,"column":1}},"36":{"start":{"line":33,"column":17},"end":{"line":33,"column":19}},"37":{"start":{"line":34,"column":19},"end":{"line":34,"column":21}},"38":{"start":{"line":35,"column":2},"end":{"line":38,"column":3}},"39":{"start":{"line":36,"column":4},"end":{"line":36,"column":17}},"40":{"start":{"line":37,"column":4},"end":{"line":37,"column":19}},"41":{"start":{"line":39,"column":2},"end":{"line":42,"column":3}},"42":{"start":{"line":40,"column":4},"end":{"line":40,"column":17}},"43":{"start":{"line":41,"column":4},"end":{"line":41,"column":20}},"44":{"start":{"line":43,"column":2},"end":{"line":46,"column":3}},"45":{"start":{"line":44,"column":4},"end":{"line":44,"column":18}},"46":{"start":{"line":45,"column":4},"end":{"line":45,"column":20}},"47":{"start":{"line":47,"column":2},"end":{"line":50,"column":3}},"48":{"start":{"line":48,"column":4},"end":{"line":48,"column":18}},"49":{"start":{"line":49,"column":4},"end":{"line":49,"column":20}},"50":{"start":{"line":51,"column":2},"end":{"line":54,"column":3}},"51":{"start":{"line":52,"column":4},"end":{"line":52,"column":18}},"52":{"start":{"line":53,"column":4},"end":{"line":53,"column":20}},"53":{"start":{"line":55,"column":2},"end":{"line":58,"column":3}},"54":{"start":{"line":56,"column":4},"end":{"line":56,"column":18}},"55":{"start":{"line":57,"column":4},"end":{"line":57,"column":20}},"56":{"start":{"line":59,"column":2},"end":{"line":62,"column":3}},"57":{"start":{"line":60,"column":4},"end":{"line":60,"column":18}},"58":{"start":{"line":61,"column":4},"end":{"line":61,"column":20}},"59":{"start":{"line":63,"column":2},"end":{"line":66,"column":3}},"60":{"start":{"line":64,"column":4},"end":{"line":64,"column":18}},"61":{"start":{"line":65,"column":4},"end":{"line":65,"column":20}},"62":{"start":{"line":67,"column":2},"end":{"line":67,"column":56}},"63":{"start":{"line":70,"column":19},"end":{"line":76,"column":1}},"64":{"start":{"line":71,"column":18},"end":{"line":71,"column":24}},"65":{"start":{"line":72,"column":2},"end":{"line":72,"column":41}},"66":{"start":{"line":72,"column":20},"end":{"line":72,"column":41}},"67":{"start":{"line":73,"column":2},"end":{"line":73,"column":39}},"68":{"start":{"line":73,"column":19},"end":{"line":73,"column":39}},"69":{"start":{"line":74,"column":2},"end":{"line":74,"column":37}},"70":{"start":{"line":74,"column":18},"end":{"line":74,"column":37}},"71":{"start":{"line":75,"column":2},"end":{"line":75,"column":34}},"72":{"start":{"line":78,"column":11},"end":{"line":89,"column":1}},"73":{"start":{"line":78,"column":44},"end":{"line":78,"column":54}},"74":{"start":{"line":78,"column":63},"end":{"line":78,"column":73}},"75":{"start":{"line":78,"column":86},"end":{"line":78,"column":100}},"76":{"start":{"line":78,"column":109},"end":{"line":78,"column":184}},"77":{"start":{"line":79,"column":15},"end":{"line":79,"column":136}},"78":{"start":{"line":81,"column":2},"end":{"line":87,"column":3}},"79":{"start":{"line":82,"column":4},"end":{"line":84,"column":94}},"80":{"start":{"line":88,"column":2},"end":{"line":88,"column":163}},"81":{"start":{"line":89,"column":2},"end":{"line":89,"column":22}},"82":{"start":{"line":91,"column":0},"end":{"line":94,"column":39}},"83":{"start":{"line":97,"column":0},"end":{"line":100,"column":21}},"84":{"start":{"line":103,"column":0},"end":{"line":103,"column":4}},"85":{"start":{"line":103,"column":5},"end":{"line":103,"column":32}}},"fnMap":{"0":{"name":"getFontFamily","decl":{"start":{"line":8,"column":29},"end":{"line":8,"column":42}},"loc":{"start":{"line":8,"column":50},"end":{"line":13,"column":1}},"line":8},"1":{"name":"getTextDecorationLine","decl":{"start":{"line":15,"column":37},"end":{"line":15,"column":58}},"loc":{"start":{"line":15,"column":66},"end":{"line":19,"column":1}},"line":15},"2":{"name":"getFontColor","decl":{"start":{"line":21,"column":28},"end":{"line":21,"column":40}},"loc":{"start":{"line":21,"column":48},"end":{"line":30,"column":1}},"line":21},"3":{"name":"getFontSize","decl":{"start":{"line":32,"column":27},"end":{"line":32,"column":38}},"loc":{"start":{"line":32,"column":46},"end":{"line":68,"column":1}},"line":32},"4":{"name":"getAlignment","decl":{"start":{"line":70,"column":28},"end":{"line":70,"column":40}},"loc":{"start":{"line":70,"column":48},"end":{"line":76,"column":1}},"line":70},"5":{"name":"Text","decl":{"start":{"line":78,"column":20},"end":{"line":78,"column":24}},"loc":{"start":{"line":78,"column":31},"end":{"line":89,"column":1}},"line":78}},"branchMap":{"0":{"loc":{"start":{"line":10,"column":2},"end":{"line":10,"column":51}},"type":"if","locations":[{"start":{"line":10,"column":2},"end":{"line":10,"column":51}},{"start":{"line":10,"column":2},"end":{"line":10,"column":51}}],"line":10},"1":{"loc":{"start":{"line":11,"column":2},"end":{"line":11,"column":48}},"type":"if","locations":[{"start":{"line":11,"column":2},"end":{"line":11,"column":48}},{"start":{"line":11,"column":2},"end":{"line":11,"column":48}}],"line":11},"2":{"loc":{"start":{"line":17,"column":2},"end":{"line":17,"column":56}},"type":"if","locations":[{"start":{"line":17,"column":2},"end":{"line":17,"column":56}},{"start":{"line":17,"column":2},"end":{"line":17,"column":56}}],"line":17},"3":{"loc":{"start":{"line":23,"column":2},"end":{"line":23,"column":47}},"type":"if","locations":[{"start":{"line":23,"column":2},"end":{"line":23,"column":47}},{"start":{"line":23,"column":2},"end":{"line":23,"column":47}}],"line":23},"4":{"loc":{"start":{"line":24,"column":2},"end":{"line":24,"column":47}},"type":"if","locations":[{"start":{"line":24,"column":2},"end":{"line":24,"column":47}},{"start":{"line":24,"column":2},"end":{"line":24,"column":47}}],"line":24},"5":{"loc":{"start":{"line":25,"column":2},"end":{"line":25,"column":56}},"type":"if","locations":[{"start":{"line":25,"column":2},"end":{"line":25,"column":56}},{"start":{"line":25,"column":2},"end":{"line":25,"column":56}}],"line":25},"6":{"loc":{"start":{"line":26,"column":2},"end":{"line":26,"column":51}},"type":"if","locations":[{"start":{"line":26,"column":2},"end":{"line":26,"column":51}},{"start":{"line":26,"column":2},"end":{"line":26,"column":51}}],"line":26},"7":{"loc":{"start":{"line":27,"column":2},"end":{"line":27,"column":47}},"type":"if","locations":[{"start":{"line":27,"column":2},"end":{"line":27,"column":47}},{"start":{"line":27,"column":2},"end":{"line":27,"column":47}}],"line":27},"8":{"loc":{"start":{"line":28,"column":2},"end":{"line":28,"column":51}},"type":"if","locations":[{"start":{"line":28,"column":2},"end":{"line":28,"column":51}},{"start":{"line":28,"column":2},"end":{"line":28,"column":51}}],"line":28},"9":{"loc":{"start":{"line":35,"column":2},"end":{"line":38,"column":3}},"type":"if","locations":[{"start":{"line":35,"column":2},"end":{"line":38,"column":3}},{"start":{"line":35,"column":2},"end":{"line":38,"column":3}}],"line":35},"10":{"loc":{"start":{"line":39,"column":2},"end":{"line":42,"column":3}},"type":"if","locations":[{"start":{"line":39,"column":2},"end":{"line":42,"column":3}},{"start":{"line":39,"column":2},"end":{"line":42,"column":3}}],"line":39},"11":{"loc":{"start":{"line":43,"column":2},"end":{"line":46,"column":3}},"type":"if","locations":[{"start":{"line":43,"column":2},"end":{"line":46,"column":3}},{"start":{"line":43,"column":2},"end":{"line":46,"column":3}}],"line":43},"12":{"loc":{"start":{"line":47,"column":2},"end":{"line":50,"column":3}},"type":"if","locations":[{"start":{"line":47,"column":2},"end":{"line":50,"column":3}},{"start":{"line":47,"column":2},"end":{"line":50,"column":3}}],"line":47},"13":{"loc":{"start":{"line":51,"column":2},"end":{"line":54,"column":3}},"type":"if","locations":[{"start":{"line":51,"column":2},"end":{"line":54,"column":3}},{"start":{"line":51,"column":2},"end":{"line":54,"column":3}}],"line":51},"14":{"loc":{"start":{"line":55,"column":2},"end":{"line":58,"column":3}},"type":"if","locations":[{"start":{"line":55,"column":2},"end":{"line":58,"column":3}},{"start":{"line":55,"column":2},"end":{"line":58,"column":3}}],"line":55},"15":{"loc":{"start":{"line":59,"column":2},"end":{"line":62,"column":3}},"type":"if","locations":[{"start":{"line":59,"column":2},"end":{"line":62,"column":3}},{"start":{"line":59,"column":2},"end":{"line":62,"column":3}}],"line":59},"16":{"loc":{"start":{"line":63,"column":2},"end":{"line":66,"column":3}},"type":"if","locations":[{"start":{"line":63,"column":2},"end":{"line":66,"column":3}},{"start":{"line":63,"column":2},"end":{"line":66,"column":3}}],"line":63},"17":{"loc":{"start":{"line":72,"column":2},"end":{"line":72,"column":41}},"type":"if","locations":[{"start":{"line":72,"column":2},"end":{"line":72,"column":41}},{"start":{"line":72,"column":2},"end":{"line":72,"column":41}}],"line":72},"18":{"loc":{"start":{"line":73,"column":2},"end":{"line":73,"column":39}},"type":"if","locations":[{"start":{"line":73,"column":2},"end":{"line":73,"column":39}},{"start":{"line":73,"column":2},"end":{"line":73,"column":39}}],"line":73},"19":{"loc":{"start":{"line":74,"column":2},"end":{"line":74,"column":37}},"type":"if","locations":[{"start":{"line":74,"column":2},"end":{"line":74,"column":37}},{"start":{"line":74,"column":2},"end":{"line":74,"column":37}}],"line":74},"20":{"loc":{"start":{"line":81,"column":2},"end":{"line":87,"column":3}},"type":"if","locations":[{"start":{"line":81,"column":2},"end":{"line":87,"column":3}},{"start":{"line":81,"column":2},"end":{"line":87,"column":3}}],"line":81},"21":{"loc":{"start":{"line":84,"column":6},"end":{"line":84,"column":91}},"type":"cond-expr","locations":[{"start":{"line":84,"column":18},"end":{"line":84,"column":60}},{"start":{"line":84,"column":63},"end":{"line":84,"column":91}}],"line":84}},"s":{"0":3,"1":3,"2":3,"3":3,"4":3,"5":3,"6":3,"7":3,"8":3,"9":47,"10":47,"11":2,"12":47,"13":2,"14":47,"15":3,"16":47,"17":47,"18":2,"19":47,"20":3,"21":47,"22":47,"23":2,"24":47,"25":2,"26":47,"27":2,"28":47,"29":2,"30":47,"31":2,"32":47,"33":2,"34":47,"35":3,"36":47,"37":47,"38":47,"39":2,"40":2,"41":47,"42":2,"43":2,"44":47,"45":2,"46":2,"47":47,"48":2,"49":2,"50":47,"51":2,"52":2,"53":47,"54":2,"55":2,"56":47,"57":2,"58":2,"59":47,"60":2,"61":2,"62":47,"63":3,"64":47,"65":47,"66":2,"67":47,"68":2,"69":47,"70":2,"71":47,"72":3,"73":47,"74":47,"75":47,"76":47,"77":47,"78":47,"79":45,"80":2,"81":3,"82":3,"83":3,"84":3,"85":3},"f":{"0":47,"1":47,"2":47,"3":47,"4":47,"5":47},"b":{"0":[2,45],"1":[2,45],"2":[2,45],"3":[2,45],"4":[2,45],"5":[2,45],"6":[2,45],"7":[2,45],"8":[2,45],"9":[2,45],"10":[2,45],"11":[2,45],"12":[2,45],"13":[2,45],"14":[2,45],"15":[2,45],"16":[2,45],"17":[2,45],"18":[2,45],"19":[2,45],"20":[45,2],"21":[1,44]},"_coverageSchema":"332fd63041d2c1bcb487cc26dd0d5f7d97098a6c","hash":"53358f56d91b6cdc5efa91faeddb16599859baad"}
,"/Users/stevenvandurm/Developer/eigen-react-native-Arduino/app/src/components/touchable/TouchableFeedback.js": {"path":"/Users/stevenvandurm/Developer/eigen-react-native-Arduino/app/src/components/touchable/TouchableFeedback.js","statementMap":{"0":{"start":{"line":1,"column":13},"end":{"line":1,"column":75}},"1":{"start":{"line":1,"column":75},"end":{"line":1,"column":100}},"2":{"start":{"line":1,"column":113},"end":{"line":1,"column":166}},"3":{"start":{"line":2,"column":19},"end":{"line":2,"column":42}},"4":{"start":{"line":3,"column":17},"end":{"line":3,"column":74}},"5":{"start":{"line":4,"column":13},"end":{"line":4,"column":48}},"6":{"start":{"line":5,"column":25},"end":{"line":5,"column":97}},"7":{"start":{"line":5,"column":117},"end":{"line":5,"column":226}},"8":{"start":{"line":7,"column":15},"end":{"line":7,"column":18}},"9":{"start":{"line":9,"column":20},"end":{"line":65,"column":115}},"10":{"start":{"line":10,"column":47},"end":{"line":10,"column":100}},"11":{"start":{"line":11,"column":4},"end":{"line":11,"column":123}},"12":{"start":{"line":11,"column":123},"end":{"line":23,"column":6}},"13":{"start":{"line":16,"column":6},"end":{"line":22,"column":7}},"14":{"start":{"line":17,"column":8},"end":{"line":17,"column":30}},"15":{"start":{"line":18,"column":8},"end":{"line":18,"column":29}},"16":{"start":{"line":19,"column":8},"end":{"line":21,"column":21}},"17":{"start":{"line":20,"column":10},"end":{"line":20,"column":32}},"18":{"start":{"line":23,"column":6},"end":{"line":38,"column":6}},"19":{"start":{"line":26,"column":6},"end":{"line":32,"column":7}},"20":{"start":{"line":27,"column":8},"end":{"line":29,"column":33}},"21":{"start":{"line":33,"column":6},"end":{"line":35,"column":31}},"22":{"start":{"line":38,"column":6},"end":{"line":45,"column":6}},"23":{"start":{"line":41,"column":6},"end":{"line":43,"column":7}},"24":{"start":{"line":42,"column":8},"end":{"line":42,"column":85}},"25":{"start":{"line":44,"column":6},"end":{"line":44,"column":95}},"26":{"start":{"line":45,"column":6},"end":{"line":55,"column":167}},"27":{"start":{"line":47,"column":33},"end":{"line":55,"column":165}},"28":{"start":{"line":55,"column":167},"end":{"line":55,"column":189}},"29":{"start":{"line":55,"column":189},"end":{"line":55,"column":202}},"30":{"start":{"line":55,"column":203},"end":{"line":65,"column":10}},"31":{"start":{"line":61,"column":6},"end":{"line":63,"column":7}},"32":{"start":{"line":62,"column":8},"end":{"line":62,"column":32}},"33":{"start":{"line":64,"column":6},"end":{"line":64,"column":34}},"34":{"start":{"line":65,"column":10},"end":{"line":65,"column":67}},"35":{"start":{"line":65,"column":67},"end":{"line":65,"column":92}},"36":{"start":{"line":68,"column":0},"end":{"line":76,"column":53}},"37":{"start":{"line":79,"column":0},"end":{"line":84,"column":30}},"38":{"start":{"line":87,"column":0},"end":{"line":87,"column":17}},"39":{"start":{"line":87,"column":18},"end":{"line":87,"column":45}}},"fnMap":{"0":{"name":"(anonymous_0)","decl":{"start":{"line":9,"column":20},"end":{"line":9,"column":21}},"loc":{"start":{"line":9,"column":46},"end":{"line":65,"column":93}},"line":9},"1":{"name":"TouchableFeedback","decl":{"start":{"line":10,"column":11},"end":{"line":10,"column":28}},"loc":{"start":{"line":10,"column":36},"end":{"line":55,"column":203}},"line":10},"2":{"name":"(anonymous_2)","decl":{"start":{"line":15,"column":14},"end":{"line":15,"column":15}},"loc":{"start":{"line":15,"column":26},"end":{"line":23,"column":5}},"line":15},"3":{"name":"(anonymous_3)","decl":{"start":{"line":19,"column":19},"end":{"line":19,"column":20}},"loc":{"start":{"line":19,"column":31},"end":{"line":21,"column":9}},"line":19},"4":{"name":"(anonymous_4)","decl":{"start":{"line":25,"column":16},"end":{"line":25,"column":17}},"loc":{"start":{"line":25,"column":28},"end":{"line":38,"column":5}},"line":25},"5":{"name":"(anonymous_5)","decl":{"start":{"line":40,"column":16},"end":{"line":40,"column":17}},"loc":{"start":{"line":40,"column":28},"end":{"line":45,"column":5}},"line":40},"6":{"name":"(anonymous_6)","decl":{"start":{"line":47,"column":20},"end":{"line":47,"column":21}},"loc":{"start":{"line":47,"column":32},"end":{"line":55,"column":166}},"line":47},"7":{"name":"render","decl":{"start":{"line":55,"column":281},"end":{"line":55,"column":287}},"loc":{"start":{"line":60,"column":4},"end":{"line":65,"column":5}},"line":60}},"branchMap":{"0":{"loc":{"start":{"line":16,"column":6},"end":{"line":22,"column":7}},"type":"if","locations":[{"start":{"line":16,"column":6},"end":{"line":22,"column":7}},{"start":{"line":16,"column":6},"end":{"line":22,"column":7}}],"line":16},"1":{"loc":{"start":{"line":26,"column":6},"end":{"line":32,"column":7}},"type":"if","locations":[{"start":{"line":26,"column":6},"end":{"line":32,"column":7}},{"start":{"line":26,"column":6},"end":{"line":32,"column":7}}],"line":26},"2":{"loc":{"start":{"line":41,"column":6},"end":{"line":43,"column":7}},"type":"if","locations":[{"start":{"line":41,"column":6},"end":{"line":43,"column":7}},{"start":{"line":41,"column":6},"end":{"line":43,"column":7}}],"line":41},"3":{"loc":{"start":{"line":44,"column":13},"end":{"line":44,"column":94}},"type":"binary-expr","locations":[{"start":{"line":44,"column":13},"end":{"line":44,"column":31}},{"start":{"line":44,"column":35},"end":{"line":44,"column":94}}],"line":44},"4":{"loc":{"start":{"line":48,"column":101},"end":{"line":48,"column":177}},"type":"binary-expr","locations":[{"start":{"line":48,"column":101},"end":{"line":48,"column":130}},{"start":{"line":48,"column":134},"end":{"line":48,"column":177}}],"line":48},"5":{"loc":{"start":{"line":61,"column":6},"end":{"line":63,"column":7}},"type":"if","locations":[{"start":{"line":61,"column":6},"end":{"line":63,"column":7}},{"start":{"line":61,"column":6},"end":{"line":63,"column":7}}],"line":61}},"s":{"0":3,"1":3,"2":3,"3":3,"4":3,"5":3,"6":3,"7":3,"8":3,"9":3,"10":27,"11":27,"12":27,"13":5,"14":3,"15":3,"16":3,"17":0,"18":27,"19":15,"20":2,"21":13,"22":27,"23":12,"24":2,"25":10,"26":27,"27":12,"28":27,"29":27,"30":3,"31":27,"32":15,"33":12,"34":3,"35":3,"36":3,"37":3,"38":3,"39":3},"f":{"0":3,"1":27,"2":5,"3":0,"4":15,"5":12,"6":12,"7":27},"b":{"0":[3,2],"1":[2,13],"2":[2,10],"3":[10,8],"4":[12,10],"5":[15,12]},"_coverageSchema":"332fd63041d2c1bcb487cc26dd0d5f7d97098a6c","hash":"babf518c150f37e6749d10b179706e48905f9aa2"}
,"/Users/stevenvandurm/Developer/eigen-react-native-Arduino/app/src/components/touchable/TouchableFeedback.style.js": {"path":"/Users/stevenvandurm/Developer/eigen-react-native-Arduino/app/src/components/touchable/TouchableFeedback.style.js","statementMap":{"0":{"start":{"line":1,"column":13},"end":{"line":1,"column":75}},"1":{"start":{"line":1,"column":75},"end":{"line":1,"column":100}},"2":{"start":{"line":1,"column":119},"end":{"line":1,"column":142}},"3":{"start":{"line":3,"column":0},"end":{"line":5,"column":27}},"4":{"start":{"line":5,"column":28},"end":{"line":5,"column":55}}},"fnMap":{},"branchMap":{},"s":{"0":3,"1":3,"2":3,"3":3,"4":3},"f":{},"b":{},"_coverageSchema":"332fd63041d2c1bcb487cc26dd0d5f7d97098a6c","hash":"74e7b743196fb4f641b7fadacc2bf4fd0d547556"}
,"/Users/stevenvandurm/Developer/eigen-react-native-Arduino/app/src/scenes/home/Home.js": {"path":"/Users/stevenvandurm/Developer/eigen-react-native-Arduino/app/src/scenes/home/Home.js","statementMap":{"0":{"start":{"line":1,"column":13},"end":{"line":1,"column":75}},"1":{"start":{"line":1,"column":75},"end":{"line":1,"column":100}},"2":{"start":{"line":1,"column":113},"end":{"line":1,"column":165}},"3":{"start":{"line":2,"column":19},"end":{"line":2,"column":42}},"4":{"start":{"line":3,"column":17},"end":{"line":3,"column":74}},"5":{"start":{"line":4,"column":14},"end":{"line":4,"column":69}},"6":{"start":{"line":5,"column":13},"end":{"line":5,"column":48}},"7":{"start":{"line":6,"column":14},"end":{"line":6,"column":36}},"8":{"start":{"line":7,"column":18},"end":{"line":7,"column":45}},"9":{"start":{"line":7,"column":65},"end":{"line":7,"column":152}},"10":{"start":{"line":9,"column":7},"end":{"line":25,"column":95}},"11":{"start":{"line":9,"column":96},"end":{"line":9,"column":136}},"12":{"start":{"line":9,"column":136},"end":{"line":9,"column":256}},"13":{"start":{"line":9,"column":226},"end":{"line":9,"column":255}},"14":{"start":{"line":9,"column":256},"end":{"line":12,"column":15}},"15":{"start":{"line":11,"column":6},"end":{"line":11,"column":122}},"16":{"start":{"line":12,"column":16},"end":{"line":25,"column":10}},"17":{"start":{"line":14,"column":6},"end":{"line":21,"column":101}},"18":{"start":{"line":25,"column":10},"end":{"line":25,"column":56}},"19":{"start":{"line":25,"column":56},"end":{"line":25,"column":68}},"20":{"start":{"line":28,"column":0},"end":{"line":28,"column":20}},"21":{"start":{"line":30,"column":0},"end":{"line":30,"column":23}},"22":{"start":{"line":32,"column":0},"end":{"line":32,"column":4}},"23":{"start":{"line":32,"column":5},"end":{"line":32,"column":32}}},"fnMap":{"0":{"name":"(anonymous_0)","decl":{"start":{"line":9,"column":7},"end":{"line":9,"column":8}},"loc":{"start":{"line":9,"column":35},"end":{"line":25,"column":69}},"line":9},"1":{"name":"Home","decl":{"start":{"line":9,"column":45},"end":{"line":9,"column":49}},"loc":{"start":{"line":9,"column":52},"end":{"line":12,"column":16}},"line":9},"2":{"name":"(anonymous_2)","decl":{"start":{"line":10,"column":21},"end":{"line":10,"column":22}},"loc":{"start":{"line":10,"column":33},"end":{"line":12,"column":5}},"line":10},"3":{"name":"render","decl":{"start":{"line":12,"column":81},"end":{"line":12,"column":87}},"loc":{"start":{"line":13,"column":4},"end":{"line":25,"column":5}},"line":13}},"branchMap":{},"s":{"0":1,"1":1,"2":1,"3":1,"4":1,"5":1,"6":1,"7":1,"8":1,"9":1,"10":1,"11":3,"12":3,"13":9,"14":3,"15":1,"16":1,"17":3,"18":1,"19":1,"20":1,"21":1,"22":1,"23":1},"f":{"0":1,"1":3,"2":1,"3":3},"b":{},"_coverageSchema":"332fd63041d2c1bcb487cc26dd0d5f7d97098a6c","hash":"743845cd9ad6e3ffc554f79f20ae59f85c2f7509"}
,"/Users/stevenvandurm/Developer/eigen-react-native-Arduino/app/src/scenes/home/styles.js": {"path":"/Users/stevenvandurm/Developer/eigen-react-native-Arduino/app/src/scenes/home/styles.js","statementMap":{"0":{"start":{"line":1,"column":13},"end":{"line":1,"column":75}},"1":{"start":{"line":1,"column":75},"end":{"line":1,"column":100}},"2":{"start":{"line":1,"column":119},"end":{"line":1,"column":142}},"3":{"start":{"line":2,"column":13},"end":{"line":2,"column":48}},"4":{"start":{"line":4,"column":13},"end":{"line":37,"column":28}},"5":{"start":{"line":41,"column":0},"end":{"line":41,"column":6}},"6":{"start":{"line":41,"column":7},"end":{"line":41,"column":34}}},"fnMap":{},"branchMap":{},"s":{"0":1,"1":1,"2":1,"3":1,"4":1,"5":1,"6":1},"f":{},"b":{},"_coverageSchema":"332fd63041d2c1bcb487cc26dd0d5f7d97098a6c","hash":"a7cff92e96f54044a37eb9ec3ae59f9975e3fc59"}
,"/Users/stevenvandurm/Developer/eigen-react-native-Arduino/app/src/utils/index.js": {"path":"/Users/stevenvandurm/Developer/eigen-react-native-Arduino/app/src/utils/index.js","statementMap":{"0":{"start":{"line":1,"column":13},"end":{"line":1,"column":75}},"1":{"start":{"line":1,"column":75},"end":{"line":1,"column":194}},"2":{"start":{"line":1,"column":159},"end":{"line":1,"column":189}},"3":{"start":{"line":1,"column":214},"end":{"line":1,"column":239}}},"fnMap":{"0":{"name":"get","decl":{"start":{"line":1,"column":152},"end":{"line":1,"column":155}},"loc":{"start":{"line":1,"column":158},"end":{"line":1,"column":190}},"line":1}},"branchMap":{},"s":{"0":3,"1":3,"2":45,"3":3},"f":{"0":45},"b":{},"_coverageSchema":"332fd63041d2c1bcb487cc26dd0d5f7d97098a6c","hash":"aadbba4ffc86883e065237a7f1e29d439808b279"}
,"/Users/stevenvandurm/Developer/eigen-react-native-Arduino/app/src/utils/translations.js": {"path":"/Users/stevenvandurm/Developer/eigen-react-native-Arduino/app/src/utils/translations.js","statementMap":{"0":{"start":{"line":1,"column":13},"end":{"line":1,"column":75}},"1":{"start":{"line":1,"column":75},"end":{"line":1,"column":192}},"2":{"start":{"line":1,"column":155},"end":{"line":1,"column":187}},"3":{"start":{"line":1,"column":192},"end":{"line":1,"column":271}},"4":{"start":{"line":1,"column":294},"end":{"line":1,"column":358}},"5":{"start":{"line":2,"column":29},"end":{"line":2,"column":100}},"6":{"start":{"line":4,"column":10},"end":{"line":4,"column":82}},"7":{"start":{"line":5,"column":10},"end":{"line":5,"column":82}},"8":{"start":{"line":7,"column":15},"end":{"line":7,"column":173}},"9":{"start":{"line":7,"column":53},"end":{"line":7,"column":123}},"10":{"start":{"line":7,"column":124},"end":{"line":7,"column":172}},"11":{"start":{"line":7,"column":174},"end":{"line":7,"column":202}},"12":{"start":{"line":12,"column":21},"end":{"line":12,"column":91}},"13":{"start":{"line":12,"column":51},"end":{"line":12,"column":90}},"14":{"start":{"line":12,"column":92},"end":{"line":12,"column":132}},"15":{"start":{"line":14,"column":24},"end":{"line":16,"column":1}},"16":{"start":{"line":15,"column":2},"end":{"line":15,"column":14}},"17":{"start":{"line":16,"column":2},"end":{"line":16,"column":48}},"18":{"start":{"line":19,"column":0},"end":{"line":19,"column":42}},"19":{"start":{"line":21,"column":0},"end":{"line":21,"column":61}},"20":{"start":{"line":22,"column":0},"end":{"line":22,"column":54}},"21":{"start":{"line":25,"column":19},"end":{"line":27,"column":19}},"22":{"start":{"line":29,"column":0},"end":{"line":29,"column":53}}},"fnMap":{"0":{"name":"get","decl":{"start":{"line":1,"column":148},"end":{"line":1,"column":151}},"loc":{"start":{"line":1,"column":154},"end":{"line":1,"column":188}},"line":1},"1":{"name":"getLabel","decl":{"start":{"line":7,"column":24},"end":{"line":7,"column":32}},"loc":{"start":{"line":7,"column":38},"end":{"line":7,"column":173}},"line":7},"2":{"name":"doesLabelExist","decl":{"start":{"line":12,"column":30},"end":{"line":12,"column":44}},"loc":{"start":{"line":12,"column":50},"end":{"line":12,"column":91}},"line":12},"3":{"name":"getDeviceLanguage","decl":{"start":{"line":14,"column":33},"end":{"line":14,"column":50}},"loc":{"start":{"line":14,"column":53},"end":{"line":16,"column":1}},"line":14}},"branchMap":{"0":{"loc":{"start":{"line":7,"column":53},"end":{"line":7,"column":123}},"type":"cond-expr","locations":[{"start":{"line":7,"column":106},"end":{"line":7,"column":118}},{"start":{"line":7,"column":121},"end":{"line":7,"column":123}}],"line":7},"1":{"loc":{"start":{"line":7,"column":53},"end":{"line":7,"column":103}},"type":"binary-expr","locations":[{"start":{"line":7,"column":53},"end":{"line":7,"column":73}},{"start":{"line":7,"column":77},"end":{"line":7,"column":103}}],"line":7}},"s":{"0":3,"1":3,"2":0,"3":3,"4":3,"5":3,"6":3,"7":3,"8":3,"9":45,"10":45,"11":3,"12":3,"13":0,"14":3,"15":3,"16":6,"17":3,"18":3,"19":3,"20":3,"21":3,"22":3},"f":{"0":0,"1":45,"2":0,"3":6},"b":{"0":[0,45],"1":[45,0]},"_coverageSchema":"332fd63041d2c1bcb487cc26dd0d5f7d97098a6c","hash":"4391603ed799ef8555a7fcd28a70e0ff2eebb3f8"}
,"/Users/stevenvandurm/Developer/eigen-react-native-Arduino/app/src/utils/test/eventChangeHelper.js": {"path":"/Users/stevenvandurm/Developer/eigen-react-native-Arduino/app/src/utils/test/eventChangeHelper.js","statementMap":{"0":{"start":{"line":1,"column":13},"end":{"line":1,"column":75}},"1":{"start":{"line":1,"column":75},"end":{"line":1,"column":100}},"2":{"start":{"line":1,"column":114},"end":{"line":1,"column":131}},"3":{"start":{"line":3,"column":27},"end":{"line":3,"column":120}},"4":{"start":{"line":3,"column":73},"end":{"line":3,"column":119}},"5":{"start":{"line":15,"column":31},"end":{"line":40,"column":1}},"6":{"start":{"line":16,"column":14},"end":{"line":16,"column":28}},"7":{"start":{"line":16,"column":53},"end":{"line":16,"column":80}},"8":{"start":{"line":16,"column":106},"end":{"line":16,"column":183}},"9":{"start":{"line":16,"column":209},"end":{"line":16,"column":244}},"10":{"start":{"line":16,"column":278},"end":{"line":16,"column":342}},"11":{"start":{"line":16,"column":365},"end":{"line":16,"column":383}},"12":{"start":{"line":16,"column":400},"end":{"line":16,"column":462}},"13":{"start":{"line":16,"column":472},"end":{"line":16,"column":483}},"14":{"start":{"line":16,"column":504},"end":{"line":16,"column":520}},"15":{"start":{"line":16,"column":535},"end":{"line":16,"column":587}},"16":{"start":{"line":16,"column":604},"end":{"line":16,"column":622}},"17":{"start":{"line":18,"column":2},"end":{"line":39,"column":3}},"18":{"start":{"line":19,"column":4},"end":{"line":36,"column":7}},"19":{"start":{"line":20,"column":6},"end":{"line":31,"column":9}},"20":{"start":{"line":21,"column":22},"end":{"line":21,"column":53}},"21":{"start":{"line":22,"column":23},"end":{"line":22,"column":94}},"22":{"start":{"line":25,"column":8},"end":{"line":27,"column":9}},"23":{"start":{"line":26,"column":10},"end":{"line":26,"column":91}},"24":{"start":{"line":29,"column":8},"end":{"line":29,"column":56}},"25":{"start":{"line":30,"column":8},"end":{"line":30,"column":58}},"26":{"start":{"line":33,"column":6},"end":{"line":35,"column":9}},"27":{"start":{"line":34,"column":8},"end":{"line":34,"column":27}},"28":{"start":{"line":38,"column":4},"end":{"line":38,"column":130}},"29":{"start":{"line":42,"column":0},"end":{"line":42,"column":24}},"30":{"start":{"line":42,"column":25},"end":{"line":42,"column":52}}},"fnMap":{"0":{"name":"getCorrectTimesLabel","decl":{"start":{"line":3,"column":36},"end":{"line":3,"column":56}},"loc":{"start":{"line":3,"column":72},"end":{"line":3,"column":120}},"line":3},"1":{"name":"genericEventChangeTester","decl":{"start":{"line":15,"column":40},"end":{"line":15,"column":64}},"loc":{"start":{"line":15,"column":71},"end":{"line":40,"column":1}},"line":15},"2":{"name":"(anonymous_2)","decl":{"start":{"line":19,"column":56},"end":{"line":19,"column":57}},"loc":{"start":{"line":19,"column":68},"end":{"line":36,"column":5}},"line":19},"3":{"name":"(anonymous_3)","decl":{"start":{"line":20,"column":145},"end":{"line":20,"column":146}},"loc":{"start":{"line":20,"column":157},"end":{"line":31,"column":7}},"line":20},"4":{"name":"(anonymous_4)","decl":{"start":{"line":33,"column":16},"end":{"line":33,"column":17}},"loc":{"start":{"line":33,"column":28},"end":{"line":35,"column":7}},"line":33}},"branchMap":{"0":{"loc":{"start":{"line":3,"column":80},"end":{"line":3,"column":118}},"type":"cond-expr","locations":[{"start":{"line":3,"column":102},"end":{"line":3,"column":108}},{"start":{"line":3,"column":111},"end":{"line":3,"column":118}}],"line":3},"1":{"loc":{"start":{"line":16,"column":106},"end":{"line":16,"column":183}},"type":"cond-expr","locations":[{"start":{"line":16,"column":141},"end":{"line":16,"column":159}},{"start":{"line":16,"column":162},"end":{"line":16,"column":183}}],"line":16},"2":{"loc":{"start":{"line":16,"column":278},"end":{"line":16,"column":342}},"type":"cond-expr","locations":[{"start":{"line":16,"column":314},"end":{"line":16,"column":317}},{"start":{"line":16,"column":320},"end":{"line":16,"column":342}}],"line":16},"3":{"loc":{"start":{"line":16,"column":400},"end":{"line":16,"column":462}},"type":"cond-expr","locations":[{"start":{"line":16,"column":433},"end":{"line":16,"column":440}},{"start":{"line":16,"column":443},"end":{"line":16,"column":462}}],"line":16},"4":{"loc":{"start":{"line":16,"column":535},"end":{"line":16,"column":587}},"type":"cond-expr","locations":[{"start":{"line":16,"column":566},"end":{"line":16,"column":567}},{"start":{"line":16,"column":570},"end":{"line":16,"column":587}}],"line":16},"5":{"loc":{"start":{"line":18,"column":2},"end":{"line":39,"column":3}},"type":"if","locations":[{"start":{"line":18,"column":2},"end":{"line":39,"column":3}},{"start":{"line":18,"column":2},"end":{"line":39,"column":3}}],"line":18},"6":{"loc":{"start":{"line":18,"column":6},"end":{"line":18,"column":51}},"type":"binary-expr","locations":[{"start":{"line":18,"column":6},"end":{"line":18,"column":15}},{"start":{"line":18,"column":19},"end":{"line":18,"column":41}},{"start":{"line":18,"column":45},"end":{"line":18,"column":51}}],"line":18},"7":{"loc":{"start":{"line":25,"column":8},"end":{"line":27,"column":9}},"type":"if","locations":[{"start":{"line":25,"column":8},"end":{"line":27,"column":9}},{"start":{"line":25,"column":8},"end":{"line":27,"column":9}}],"line":25}},"s":{"0":2,"1":2,"2":2,"3":2,"4":0,"5":2,"6":0,"7":0,"8":0,"9":0,"10":0,"11":0,"12":0,"13":0,"14":0,"15":0,"16":0,"17":0,"18":0,"19":0,"20":0,"21":0,"22":0,"23":0,"24":0,"25":0,"26":0,"27":0,"28":0,"29":2,"30":2},"f":{"0":0,"1":0,"2":0,"3":0,"4":0},"b":{"0":[0,0],"1":[0,0],"2":[0,0],"3":[0,0],"4":[0,0],"5":[0,0],"6":[0,0,0],"7":[0,0]},"_coverageSchema":"332fd63041d2c1bcb487cc26dd0d5f7d97098a6c","hash":"88760205fa51d69917a85cf54548892fe5dae6f7"}
,"/Users/stevenvandurm/Developer/eigen-react-native-Arduino/app/src/utils/test/index.js": {"path":"/Users/stevenvandurm/Developer/eigen-react-native-Arduino/app/src/utils/test/index.js","statementMap":{"0":{"start":{"line":1,"column":13},"end":{"line":1,"column":75}},"1":{"start":{"line":1,"column":75},"end":{"line":1,"column":207}},"2":{"start":{"line":1,"column":168},"end":{"line":1,"column":202}},"3":{"start":{"line":1,"column":207},"end":{"line":1,"column":339}},"4":{"start":{"line":1,"column":300},"end":{"line":1,"column":334}},"5":{"start":{"line":1,"column":364},"end":{"line":1,"column":430}},"6":{"start":{"line":2,"column":25},"end":{"line":2,"column":91}}},"fnMap":{"0":{"name":"get","decl":{"start":{"line":1,"column":161},"end":{"line":1,"column":164}},"loc":{"start":{"line":1,"column":167},"end":{"line":1,"column":203}},"line":1},"1":{"name":"get","decl":{"start":{"line":1,"column":293},"end":{"line":1,"column":296}},"loc":{"start":{"line":1,"column":299},"end":{"line":1,"column":335}},"line":1}},"branchMap":{},"s":{"0":2,"1":2,"2":0,"3":2,"4":2,"5":2,"6":2},"f":{"0":0,"1":2},"b":{},"_coverageSchema":"332fd63041d2c1bcb487cc26dd0d5f7d97098a6c","hash":"c17722321502882ecc123817f5703fa060a5842e"}
,"/Users/stevenvandurm/Developer/eigen-react-native-Arduino/app/src/utils/test/mockAndroid.js": {"path":"/Users/stevenvandurm/Developer/eigen-react-native-Arduino/app/src/utils/test/mockAndroid.js","statementMap":{"0":{"start":{"line":1,"column":13},"end":{"line":1,"column":75}},"1":{"start":{"line":1,"column":75},"end":{"line":1,"column":100}},"2":{"start":{"line":1,"column":118},"end":{"line":5,"column":6}},"3":{"start":{"line":1,"column":142},"end":{"line":5,"column":5}},"4":{"start":{"line":2,"column":19},"end":{"line":2,"column":52}},"5":{"start":{"line":3,"column":4},"end":{"line":3,"column":28}},"6":{"start":{"line":4,"column":4},"end":{"line":4,"column":20}},"7":{"start":{"line":7,"column":0},"end":{"line":7,"column":11}},"8":{"start":{"line":7,"column":12},"end":{"line":7,"column":39}}},"fnMap":{"0":{"name":"mockAndroid","decl":{"start":{"line":1,"column":127},"end":{"line":1,"column":138}},"loc":{"start":{"line":1,"column":141},"end":{"line":5,"column":6}},"line":1},"1":{"name":"(anonymous_1)","decl":{"start":{"line":1,"column":171},"end":{"line":1,"column":172}},"loc":{"start":{"line":1,"column":183},"end":{"line":5,"column":3}},"line":1}},"branchMap":{},"s":{"0":1,"1":1,"2":1,"3":12,"4":1,"5":1,"6":1,"7":1,"8":1},"f":{"0":12,"1":1},"b":{},"_coverageSchema":"332fd63041d2c1bcb487cc26dd0d5f7d97098a6c","hash":"0842229aba221620e9e6fb7359e6e31d3102d0e6"}
,"/Users/stevenvandurm/Developer/eigen-react-native-Arduino/app/src/utils/test/shallowTestHelper.js": {"path":"/Users/stevenvandurm/Developer/eigen-react-native-Arduino/app/src/utils/test/shallowTestHelper.js","statementMap":{"0":{"start":{"line":1,"column":13},"end":{"line":1,"column":75}},"1":{"start":{"line":1,"column":75},"end":{"line":1,"column":100}},"2":{"start":{"line":1,"column":114},"end":{"line":1,"column":131}},"3":{"start":{"line":3,"column":20},"end":{"line":3,"column":95}},"4":{"start":{"line":3,"column":55},"end":{"line":3,"column":94}},"5":{"start":{"line":5,"column":20},"end":{"line":22,"column":1}},"6":{"start":{"line":5,"column":69},"end":{"line":5,"column":139}},"7":{"start":{"line":6,"column":2},"end":{"line":21,"column":3}},"8":{"start":{"line":7,"column":4},"end":{"line":18,"column":7}},"9":{"start":{"line":8,"column":6},"end":{"line":10,"column":9}},"10":{"start":{"line":9,"column":8},"end":{"line":9,"column":33}},"11":{"start":{"line":12,"column":6},"end":{"line":17,"column":7}},"12":{"start":{"line":13,"column":8},"end":{"line":16,"column":11}},"13":{"start":{"line":14,"column":24},"end":{"line":14,"column":48}},"14":{"start":{"line":15,"column":10},"end":{"line":15,"column":44}},"15":{"start":{"line":20,"column":4},"end":{"line":20,"column":66}},"16":{"start":{"line":24,"column":0},"end":{"line":24,"column":13}},"17":{"start":{"line":24,"column":14},"end":{"line":24,"column":41}}},"fnMap":{"0":{"name":"renderWrapper","decl":{"start":{"line":3,"column":29},"end":{"line":3,"column":42}},"loc":{"start":{"line":3,"column":54},"end":{"line":3,"column":95}},"line":3},"1":{"name":"shallowTester","decl":{"start":{"line":5,"column":29},"end":{"line":5,"column":42}},"loc":{"start":{"line":5,"column":54},"end":{"line":22,"column":1}},"line":5},"2":{"name":"(anonymous_2)","decl":{"start":{"line":7,"column":29},"end":{"line":7,"column":30}},"loc":{"start":{"line":7,"column":41},"end":{"line":18,"column":5}},"line":7},"3":{"name":"(anonymous_3)","decl":{"start":{"line":8,"column":43},"end":{"line":8,"column":44}},"loc":{"start":{"line":8,"column":55},"end":{"line":10,"column":7}},"line":8},"4":{"name":"(anonymous_4)","decl":{"start":{"line":13,"column":40},"end":{"line":13,"column":41}},"loc":{"start":{"line":13,"column":52},"end":{"line":16,"column":9}},"line":13}},"branchMap":{"0":{"loc":{"start":{"line":5,"column":69},"end":{"line":5,"column":139}},"type":"cond-expr","locations":[{"start":{"line":5,"column":122},"end":{"line":5,"column":134}},{"start":{"line":5,"column":137},"end":{"line":5,"column":139}}],"line":5},"1":{"loc":{"start":{"line":5,"column":69},"end":{"line":5,"column":119}},"type":"binary-expr","locations":[{"start":{"line":5,"column":69},"end":{"line":5,"column":89}},{"start":{"line":5,"column":93},"end":{"line":5,"column":119}}],"line":5},"2":{"loc":{"start":{"line":6,"column":2},"end":{"line":21,"column":3}},"type":"if","locations":[{"start":{"line":6,"column":2},"end":{"line":21,"column":3}},{"start":{"line":6,"column":2},"end":{"line":21,"column":3}}],"line":6},"3":{"loc":{"start":{"line":12,"column":6},"end":{"line":17,"column":7}},"type":"if","locations":[{"start":{"line":12,"column":6},"end":{"line":17,"column":7}},{"start":{"line":12,"column":6},"end":{"line":17,"column":7}}],"line":12}},"s":{"0":2,"1":2,"2":2,"3":2,"4":4,"5":2,"6":2,"7":2,"8":2,"9":2,"10":2,"11":2,"12":2,"13":2,"14":2,"15":0,"16":2,"17":2},"f":{"0":4,"1":2,"2":2,"3":2,"4":2},"b":{"0":[0,2],"1":[2,0],"2":[2,0],"3":[2,0]},"_coverageSchema":"332fd63041d2c1bcb487cc26dd0d5f7d97098a6c","hash":"c3d68d1a020749a5cba3bb05cbd38ae02228cc8d"}
}
