TN:
SF:/Users/stevenvandurm/Developer/eigen-react-native-Arduino/app/setupJest.js
FN:6,(anonymous_0)
FN:10,(anonymous_1)
FN:11,t
FN:14,(anonymous_3)
FN:15,getUniqueID
FN:16,getDeviceLocale
FN:17,getModel
FNF:7
FNH:4
FNDA:0,(anonymous_0)
FNDA:2,(anonymous_1)
FNDA:35,t
FNDA:2,(anonymous_3)
FNDA:0,getUniqueID
FNDA:4,getDeviceLocale
FNDA:0,getModel
DA:1,3
DA:2,3
DA:4,3
DA:6,3
DA:10,3
DA:11,35
DA:14,3
DA:16,4
DA:17,0
LF:9
LH:8
BRF:0
BRH:0
end_of_record
TN:
SF:/Users/stevenvandurm/Developer/eigen-react-native-Arduino/app/src/components/index.js
FN:1,get
FN:1,get
FN:1,get
FNF:3
FNH:1
FNDA:2,get
FNDA:0,get
FNDA:0,get
DA:1,2
DA:2,1
DA:3,1
DA:10,1
LF:4
LH:4
BRF:0
BRH:0
end_of_record
TN:
SF:/Users/stevenvandurm/Developer/eigen-react-native-Arduino/app/src/components/listItem/ListItem.js
FN:6,(anonymous_0)
FN:6,ComponentName
FN:6,render
FNF:3
FNH:1
FNDA:1,(anonymous_0)
FNDA:0,ComponentName
FNDA:0,render
DA:1,1
DA:2,1
DA:3,1
DA:4,1
DA:6,1
DA:8,0
DA:15,1
DA:18,1
DA:20,1
DA:22,1
LF:10
LH:9
BRF:0
BRH:0
end_of_record
TN:
SF:/Users/stevenvandurm/Developer/eigen-react-native-Arduino/app/src/components/text/Text.js
FN:8,getFontFamily
FN:15,getTextDecorationLine
FN:21,getFontColor
FN:32,getFontSize
FN:70,getAlignment
FN:78,Text
FNF:6
FNH:6
FNDA:37,getFontFamily
FNDA:37,getTextDecorationLine
FNDA:37,getFontColor
FNDA:37,getFontSize
FNDA:37,getAlignment
FNDA:37,Text
DA:1,2
DA:2,2
DA:3,2
DA:4,2
DA:5,2
DA:8,2
DA:9,37
DA:10,37
DA:11,37
DA:12,37
DA:15,2
DA:16,37
DA:17,37
DA:18,37
DA:21,2
DA:22,37
DA:23,37
DA:24,37
DA:25,37
DA:26,37
DA:27,37
DA:28,37
DA:29,37
DA:32,2
DA:33,37
DA:34,37
DA:35,37
DA:36,0
DA:37,0
DA:39,37
DA:40,0
DA:41,0
DA:43,37
DA:44,2
DA:45,2
DA:47,37
DA:48,2
DA:49,2
DA:51,37
DA:52,2
DA:53,2
DA:55,37
DA:56,2
DA:57,2
DA:59,37
DA:60,2
DA:61,2
DA:63,37
DA:64,0
DA:65,0
DA:67,37
DA:70,2
DA:71,37
DA:72,37
DA:73,37
DA:74,37
DA:75,37
DA:78,37
DA:79,37
DA:81,37
DA:82,35
DA:88,2
DA:89,2
DA:91,2
DA:97,2
DA:103,2
LF:66
LH:60
BRDA:10,0,0,2
BRDA:10,0,1,35
BRDA:11,1,0,2
BRDA:11,1,1,35
BRDA:17,2,0,0
BRDA:17,2,1,37
BRDA:23,3,0,2
BRDA:23,3,1,35
BRDA:24,4,0,2
BRDA:24,4,1,35
BRDA:25,5,0,2
BRDA:25,5,1,35
BRDA:26,6,0,2
BRDA:26,6,1,35
BRDA:27,7,0,2
BRDA:27,7,1,35
BRDA:28,8,0,0
BRDA:28,8,1,37
BRDA:35,9,0,0
BRDA:35,9,1,37
BRDA:39,10,0,0
BRDA:39,10,1,37
BRDA:43,11,0,2
BRDA:43,11,1,35
BRDA:47,12,0,2
BRDA:47,12,1,35
BRDA:51,13,0,2
BRDA:51,13,1,35
BRDA:55,14,0,2
BRDA:55,14,1,35
BRDA:59,15,0,2
BRDA:59,15,1,35
BRDA:63,16,0,0
BRDA:63,16,1,37
BRDA:72,17,0,2
BRDA:72,17,1,35
BRDA:73,18,0,2
BRDA:73,18,1,35
BRDA:74,19,0,2
BRDA:74,19,1,35
BRDA:81,20,0,35
BRDA:81,20,1,2
BRDA:84,21,0,1
BRDA:84,21,1,34
BRF:44
BRH:39
end_of_record
TN:
SF:/Users/stevenvandurm/Developer/eigen-react-native-Arduino/app/src/components/touchable/TouchableFeedback.js
FN:9,(anonymous_0)
FN:10,TouchableFeedback
FN:15,(anonymous_2)
FN:19,(anonymous_3)
FN:25,(anonymous_4)
FN:40,(anonymous_5)
FN:47,(anonymous_6)
FN:55,render
FNF:8
FNH:7
FNDA:2,(anonymous_0)
FNDA:26,TouchableFeedback
FNDA:3,(anonymous_2)
FNDA:0,(anonymous_3)
FNDA:14,(anonymous_4)
FNDA:12,(anonymous_5)
FNDA:12,(anonymous_6)
FNDA:26,render
DA:1,2
DA:2,2
DA:3,2
DA:4,2
DA:5,2
DA:7,2
DA:9,2
DA:10,26
DA:11,26
DA:16,3
DA:17,2
DA:18,2
DA:19,2
DA:20,0
DA:23,26
DA:26,14
DA:27,2
DA:33,12
DA:38,26
DA:41,12
DA:42,2
DA:44,10
DA:45,26
DA:47,12
DA:55,26
DA:61,26
DA:62,14
DA:64,12
DA:65,2
DA:68,2
DA:79,2
DA:87,2
LF:32
LH:31
BRDA:16,0,0,2
BRDA:16,0,1,1
BRDA:26,1,0,2
BRDA:26,1,1,12
BRDA:41,2,0,2
BRDA:41,2,1,10
BRDA:44,3,0,10
BRDA:44,3,1,8
BRDA:48,4,0,12
BRDA:48,4,1,10
BRDA:61,5,0,14
BRDA:61,5,1,12
BRF:12
BRH:12
end_of_record
TN:
SF:/Users/stevenvandurm/Developer/eigen-react-native-Arduino/app/src/components/touchable/TouchableFeedback.style.js
FNF:0
FNH:0
DA:1,2
DA:3,2
DA:5,2
LF:3
LH:3
BRF:0
BRH:0
end_of_record
TN:
SF:/Users/stevenvandurm/Developer/eigen-react-native-Arduino/app/src/scenes/home/Home.js
FN:9,(anonymous_0)
FN:9,Home
FN:9,render
FN:18,renderItem
FNF:4
FNH:3
FNDA:1,(anonymous_0)
FNDA:2,Home
FNDA:2,render
FNDA:0,renderItem
DA:1,1
DA:2,1
DA:3,1
DA:4,1
DA:5,1
DA:6,1
DA:7,1
DA:9,2
DA:11,2
DA:18,0
DA:22,1
DA:25,1
DA:27,1
DA:29,1
LF:14
LH:13
BRF:0
BRH:0
end_of_record
TN:
SF:/Users/stevenvandurm/Developer/eigen-react-native-Arduino/app/src/scenes/home/styles.js
FNF:0
FNH:0
DA:1,1
DA:2,1
DA:4,1
DA:41,1
LF:4
LH:4
BRF:0
BRH:0
end_of_record
TN:
SF:/Users/stevenvandurm/Developer/eigen-react-native-Arduino/app/src/utils/index.js
FN:1,get
FNF:1
FNH:1
FNDA:35,get
DA:1,35
LF:1
LH:1
BRF:0
BRH:0
end_of_record
TN:
SF:/Users/stevenvandurm/Developer/eigen-react-native-Arduino/app/src/utils/translations.js
FN:1,get
FN:7,getLabel
FN:12,doesLabelExist
FN:14,getDeviceLanguage
FNF:4
FNH:2
FNDA:0,get
FNDA:35,getLabel
FNDA:0,doesLabelExist
FNDA:4,getDeviceLanguage
DA:1,2
DA:2,2
DA:4,2
DA:5,2
DA:7,35
DA:12,2
DA:14,2
DA:15,4
DA:16,4
DA:17,2
DA:20,2
DA:22,2
DA:23,2
DA:26,2
DA:30,2
LF:15
LH:15
BRDA:7,0,0,0
BRDA:7,0,1,35
BRDA:7,1,0,35
BRDA:7,1,1,0
BRDA:15,2,0,0
BRDA:15,2,1,4
BRF:6
BRH:3
end_of_record
TN:
SF:/Users/stevenvandurm/Developer/eigen-react-native-Arduino/app/src/utils/test/eventChangeHelper.js
FN:3,getCorrectTimesLabel
FN:15,genericEventChangeTester
FN:19,(anonymous_2)
FN:20,(anonymous_3)
FN:33,(anonymous_4)
FNF:5
FNH:0
FNDA:0,getCorrectTimesLabel
FNDA:0,genericEventChangeTester
FNDA:0,(anonymous_2)
FNDA:0,(anonymous_3)
FNDA:0,(anonymous_4)
DA:1,1
DA:3,1
DA:15,1
DA:16,0
DA:18,0
DA:19,0
DA:20,0
DA:21,0
DA:22,0
DA:25,0
DA:26,0
DA:29,0
DA:30,0
DA:33,0
DA:34,0
DA:38,0
DA:42,1
LF:17
LH:4
BRDA:3,0,0,0
BRDA:3,0,1,0
BRDA:16,1,0,0
BRDA:16,1,1,0
BRDA:16,2,0,0
BRDA:16,2,1,0
BRDA:16,3,0,0
BRDA:16,3,1,0
BRDA:16,4,0,0
BRDA:16,4,1,0
BRDA:18,5,0,0
BRDA:18,5,1,0
BRDA:18,6,0,0
BRDA:18,6,1,0
BRDA:18,6,2,0
BRDA:25,7,0,0
BRDA:25,7,1,0
BRF:17
BRH:0
end_of_record
TN:
SF:/Users/stevenvandurm/Developer/eigen-react-native-Arduino/app/src/utils/test/index.js
FN:1,get
FN:1,get
FNF:2
FNH:1
FNDA:0,get
FNDA:1,get
DA:1,1
DA:2,1
LF:2
LH:2
BRF:0
BRH:0
end_of_record
TN:
SF:/Users/stevenvandurm/Developer/eigen-react-native-Arduino/app/src/utils/test/mockAndroid.js
FN:1,mockAndroid
FN:1,(anonymous_1)
FNF:2
FNH:2
FNDA:12,mockAndroid
FNDA:1,(anonymous_1)
DA:1,12
DA:2,1
DA:3,1
DA:4,1
DA:7,1
LF:5
LH:5
BRF:0
BRH:0
end_of_record
TN:
SF:/Users/stevenvandurm/Developer/eigen-react-native-Arduino/app/src/utils/test/shallowTestHelper.js
FN:3,renderWrapper
FN:5,shallowTester
FN:7,(anonymous_2)
FN:8,(anonymous_3)
FN:13,(anonymous_4)
FNF:5
FNH:5
FNDA:2,renderWrapper
FNDA:1,shallowTester
FNDA:1,(anonymous_2)
FNDA:1,(anonymous_3)
FNDA:1,(anonymous_4)
DA:1,1
DA:3,2
DA:5,1
DA:6,1
DA:7,1
DA:8,1
DA:9,1
DA:12,1
DA:13,1
DA:14,1
DA:15,1
DA:20,0
DA:24,1
LF:13
LH:12
BRDA:5,0,0,0
BRDA:5,0,1,1
BRDA:5,1,0,1
BRDA:5,1,1,0
BRDA:6,2,0,1
BRDA:6,2,1,0
BRDA:12,3,0,1
BRDA:12,3,1,0
BRF:8
BRH:4
end_of_record
