TN:
SF:/Users/stevenvandurm/Developer/eigen-react-native-Arduino/app/src/components/index.js
FN:1,get
FN:1,get
FN:1,get
FNF:3
FNH:2
FNDA:5,get
FNDA:0,get
FNDA:2,get
DA:1,5
DA:2,2
DA:3,2
LF:3
LH:3
BRF:0
BRH:0
end_of_record
TN:
SF:/Users/stevenvandurm/Developer/eigen-react-native-Arduino/app/src/components/listItem/ListItem.js
FN:6,(anonymous_0)
FN:6,ComponentName
FN:6,render
FNF:3
FNH:3
FNDA:2,(anonymous_0)
FNDA:2,ComponentName
FNDA:2,render
DA:1,2
DA:2,2
DA:3,2
DA:4,2
DA:6,2
DA:8,2
DA:15,2
DA:18,2
DA:20,2
DA:22,2
LF:10
LH:10
BRF:0
BRH:0
end_of_record
TN:
SF:/Users/stevenvandurm/Developer/eigen-react-native-Arduino/app/src/components/text/Text.js
FN:9,getFontFamily
FN:16,getTextDecorationLine
FN:22,getFontColor
FN:33,getFontSize
FN:71,getAlignment
FN:79,Text
FNF:6
FNH:6
FNDA:48,getFontFamily
FNDA:48,getTextDecorationLine
FNDA:48,getFontColor
FNDA:48,getFontSize
FNDA:48,getAlignment
FNDA:48,Text
DA:1,3
DA:2,3
DA:3,3
DA:4,3
DA:5,3
DA:6,3
DA:9,3
DA:10,48
DA:11,48
DA:12,48
DA:13,48
DA:16,3
DA:17,48
DA:18,48
DA:19,48
DA:22,3
DA:23,48
DA:24,48
DA:25,48
DA:26,48
DA:27,48
DA:28,48
DA:29,48
DA:30,48
DA:33,3
DA:34,48
DA:35,48
DA:36,48
DA:37,2
DA:38,2
DA:40,48
DA:41,2
DA:42,2
DA:44,48
DA:45,2
DA:46,2
DA:48,48
DA:49,2
DA:50,2
DA:52,48
DA:53,2
DA:54,2
DA:56,48
DA:57,2
DA:58,2
DA:60,48
DA:61,2
DA:62,2
DA:64,48
DA:65,2
DA:66,2
DA:68,48
DA:71,3
DA:72,48
DA:73,48
DA:74,48
DA:75,48
DA:76,48
DA:79,48
DA:80,48
DA:82,48
DA:83,45
DA:89,3
DA:90,3
DA:92,3
DA:98,3
DA:104,3
LF:67
LH:67
BRDA:11,0,0,2
BRDA:11,0,1,46
BRDA:12,1,0,2
BRDA:12,1,1,46
BRDA:18,2,0,2
BRDA:18,2,1,46
BRDA:24,3,0,2
BRDA:24,3,1,46
BRDA:25,4,0,2
BRDA:25,4,1,46
BRDA:26,5,0,2
BRDA:26,5,1,46
BRDA:27,6,0,2
BRDA:27,6,1,46
BRDA:28,7,0,2
BRDA:28,7,1,46
BRDA:29,8,0,2
BRDA:29,8,1,46
BRDA:36,9,0,2
BRDA:36,9,1,46
BRDA:40,10,0,2
BRDA:40,10,1,46
BRDA:44,11,0,2
BRDA:44,11,1,46
BRDA:48,12,0,2
BRDA:48,12,1,46
BRDA:52,13,0,2
BRDA:52,13,1,46
BRDA:56,14,0,2
BRDA:56,14,1,46
BRDA:60,15,0,2
BRDA:60,15,1,46
BRDA:64,16,0,2
BRDA:64,16,1,46
BRDA:73,17,0,2
BRDA:73,17,1,46
BRDA:74,18,0,2
BRDA:74,18,1,46
BRDA:75,19,0,2
BRDA:75,19,1,46
BRDA:82,20,0,45
BRDA:82,20,1,3
BRDA:85,21,0,1
BRDA:85,21,1,44
BRDA:89,22,0,1
BRDA:89,22,1,2
BRF:46
BRH:46
end_of_record
TN:
SF:/Users/stevenvandurm/Developer/eigen-react-native-Arduino/app/src/components/touchable/TouchableFeedback.js
FN:9,(anonymous_0)
FN:10,TouchableFeedback
FN:17,(anonymous_2)
FN:21,(anonymous_3)
FN:27,(anonymous_4)
FN:42,(anonymous_5)
FN:49,(anonymous_6)
FN:57,render
FNF:8
FNH:8
FNDA:3,(anonymous_0)
FNDA:26,TouchableFeedback
FNDA:3,(anonymous_2)
FNDA:1,(anonymous_3)
FNDA:17,(anonymous_4)
FNDA:12,(anonymous_5)
FNDA:12,(anonymous_6)
FNDA:29,render
DA:1,3
DA:2,3
DA:3,3
DA:4,3
DA:5,3
DA:7,3
DA:9,3
DA:10,26
DA:11,26
DA:18,3
DA:19,2
DA:20,2
DA:21,2
DA:22,1
DA:25,26
DA:28,17
DA:29,2
DA:35,15
DA:40,26
DA:43,12
DA:44,2
DA:46,10
DA:47,26
DA:49,12
DA:57,26
DA:63,29
DA:64,17
DA:66,12
DA:67,3
DA:70,3
DA:81,3
DA:89,3
LF:32
LH:32
BRDA:18,0,0,2
BRDA:18,0,1,1
BRDA:28,1,0,2
BRDA:28,1,1,15
BRDA:43,2,0,2
BRDA:43,2,1,10
BRDA:46,3,0,10
BRDA:46,3,1,8
BRDA:50,4,0,12
BRDA:50,4,1,10
BRDA:63,5,0,17
BRDA:63,5,1,12
BRF:12
BRH:12
end_of_record
TN:
SF:/Users/stevenvandurm/Developer/eigen-react-native-Arduino/app/src/components/touchable/TouchableFeedback.style.js
FNF:0
FNH:0
DA:1,3
DA:3,3
DA:5,3
LF:3
LH:3
BRF:0
BRH:0
end_of_record
TN:
SF:/Users/stevenvandurm/Developer/eigen-react-native-Arduino/app/src/scenes/home/Home.js
FN:9,(anonymous_0)
FN:9,Home
FN:10,(anonymous_2)
FN:12,render
FNF:4
FNH:4
FNDA:1,(anonymous_0)
FNDA:3,Home
FNDA:1,(anonymous_2)
FNDA:3,render
DA:1,1
DA:2,1
DA:3,1
DA:4,1
DA:5,1
DA:6,1
DA:7,1
DA:9,9
DA:11,1
DA:12,1
DA:14,3
DA:25,1
DA:28,1
DA:30,1
DA:32,1
LF:15
LH:15
BRF:0
BRH:0
end_of_record
TN:
SF:/Users/stevenvandurm/Developer/eigen-react-native-Arduino/app/src/scenes/home/styles.js
FNF:0
FNH:0
DA:1,1
DA:2,1
DA:4,1
DA:41,1
LF:4
LH:4
BRF:0
BRH:0
end_of_record
TN:
SF:/Users/stevenvandurm/Developer/eigen-react-native-Arduino/app/src/utils/index.js
FN:1,get
FNF:1
FNH:1
FNDA:45,get
DA:1,45
LF:1
LH:1
BRF:0
BRH:0
end_of_record
TN:
SF:/Users/stevenvandurm/Developer/eigen-react-native-Arduino/app/src/utils/translations.js
FN:1,get
FN:7,getLabel
FN:12,doesLabelExist
FN:14,getDeviceLanguage
FNF:4
FNH:2
FNDA:0,get
FNDA:45,getLabel
FNDA:0,doesLabelExist
FNDA:6,getDeviceLanguage
DA:1,3
DA:2,3
DA:4,3
DA:5,3
DA:7,45
DA:12,3
DA:14,3
DA:15,6
DA:16,3
DA:19,3
DA:21,3
DA:22,3
DA:25,3
DA:29,3
LF:14
LH:14
BRDA:7,0,0,0
BRDA:7,0,1,45
BRDA:7,1,0,45
BRDA:7,1,1,0
BRF:4
BRH:2
end_of_record
